==========================================================
n_gen  |  n_eval  | n_nds  |      eps      |   indicator  
==========================================================
     1 |       50 |      3 |             - |             -
     2 |       60 |      3 |  0.000000E+00 |             f
     3 |       70 |      4 |  0.1510742683 |         ideal
     4 |       80 |      4 |  0.1953623601 |         ideal
     5 |       90 |      4 |  0.0146691115 |         ideal
     6 |      100 |      4 |  0.000000E+00 |             f
     7 |      110 |      3 |  0.3535229612 |         nadir
     8 |      120 |      3 |  0.000000E+00 |             f
     9 |      130 |      3 |  0.000000E+00 |             f
    10 |      140 |      3 |  0.0497386346 |         ideal
    11 |      150 |      3 |  0.000000E+00 |             f
    12 |      160 |      3 |  0.000000E+00 |             f
    13 |      170 |      3 |  0.000000E+00 |             f
    14 |      180 |      3 |  0.0347836185 |         ideal
    15 |      190 |      3 |  0.000000E+00 |             f
    16 |      200 |      3 |  0.000000E+00 |             f
    17 |      210 |      3 |  0.000000E+00 |             f
    18 |      220 |      3 |  0.000000E+00 |             f
    19 |      230 |      3 |  0.000000E+00 |             f
    20 |      240 |      3 |  0.000000E+00 |             f
    21 |      250 |      3 |  0.0505029373 |         ideal
    22 |      260 |      3 |  0.000000E+00 |             f
    23 |      270 |      4 |  0.0293885091 |             f
    24 |      280 |      5 |  0.0089189356 |             f
    25 |      290 |      5 |  0.000000E+00 |             f
    26 |      300 |      5 |  0.000000E+00 |             f
    27 |      310 |      5 |  0.000000E+00 |             f
    28 |      320 |      5 |  0.000000E+00 |             f
    29 |      330 |      5 |  0.000000E+00 |             f
    30 |      340 |      5 |  0.0509589687 |         ideal
    31 |      350 |      6 |  1.0000000000 |         ideal
    32 |      360 |      3 |  0.0316227898 |         ideal
    33 |      370 |      3 |  0.000000E+00 |             f
    34 |      380 |      4 |  0.1190188181 |             f
    35 |      390 |      5 |  0.1501754386 |         ideal
