pygame 2.1.2 (SDL 2.0.16, Python 3.7.16)
Hello from the pygame community. https://www.pygame.org/contribute.html
==========================================================
n_gen  |  n_eval  | n_nds  |      eps      |   indicator  
==========================================================
     1 |       50 |      2 |             - |             -
     2 |       60 |      2 |  0.000000E+00 |             f
     3 |       70 |      2 |  0.000000E+00 |             f
     4 |       80 |      2 |  0.000000E+00 |             f
     5 |       90 |      2 |  0.000000E+00 |             f
     6 |      100 |      2 |  0.000000E+00 |             f
     7 |      110 |      2 |  0.000000E+00 |             f
     8 |      120 |      2 |  0.000000E+00 |             f
     9 |      130 |      2 |  0.000000E+00 |             f
    10 |      140 |      2 |  0.000000E+00 |             f
    11 |      150 |      2 |  0.0117622435 |         ideal
    12 |      160 |      2 |  0.0306521739 |         ideal
    13 |      170 |      2 |  0.000000E+00 |             f
    14 |      180 |      2 |  0.000000E+00 |             f
    15 |      190 |      2 |  0.0113772994 |         ideal
    16 |      200 |      2 |  0.2011114970 |         ideal
    17 |      210 |      2 |  0.0095830175 |         ideal
    18 |      220 |      2 |  0.000000E+00 |             f
    19 |      230 |      2 |  0.000000E+00 |             f
    20 |      240 |      2 |  0.000000E+00 |             f
    21 |      250 |      2 |  0.0071507513 |         ideal
    22 |      260 |      2 |  0.000000E+00 |             f
    23 |      270 |      2 |  0.000000E+00 |             f
    24 |      280 |      2 |  0.000000E+00 |             f
    25 |      290 |      2 |  0.000000E+00 |             f
    26 |      300 |      2 |  0.000000E+00 |             f
    27 |      310 |      2 |  0.0238418966 |         ideal
    28 |      320 |      2 |  0.000000E+00 |             f
    29 |      330 |      3 |  0.000000E+00 |             f
    30 |      340 |      3 |  0.000000E+00 |             f
    31 |      350 |      2 |  0.0143786375 |         ideal
    32 |      360 |      2 |  0.000000E+00 |             f
    33 |      370 |      3 |  0.0349276340 |             f
    34 |      380 |      3 |  0.000000E+00 |             f
    35 |      390 |      3 |  0.000000E+00 |             f
