==========================================================
n_gen  |  n_eval  | n_nds  |      eps      |   indicator  
==========================================================
     1 |       50 |      2 |             - |             -
     2 |       60 |      2 |  0.000000E+00 |             f
     3 |       70 |      2 |  0.0519408503 |         ideal
     4 |       80 |      2 |  0.000000E+00 |             f
     5 |       90 |      2 |  0.000000E+00 |             f
     6 |      100 |      2 |  0.0542739018 |         ideal
     7 |      110 |      2 |  0.000000E+00 |             f
     8 |      120 |      2 |  0.000000E+00 |             f
     9 |      130 |      2 |  0.000000E+00 |             f
    10 |      140 |      2 |  0.0600858178 |         ideal
    11 |      150 |      3 |  0.0879401202 |             f
    12 |      160 |      3 |  0.000000E+00 |             f
    13 |      170 |      4 |  0.0309391340 |         nadir
    14 |      180 |      4 |  0.000000E+00 |             f
    15 |      190 |      3 |  0.0389149178 |             f
    16 |      200 |      4 |  0.1066710700 |         ideal
    17 |      210 |      4 |  0.000000E+00 |             f
    18 |      220 |      4 |  0.000000E+00 |             f
    19 |      230 |      4 |  0.000000E+00 |             f
    20 |      240 |      4 |  0.0286142158 |         nadir
    21 |      250 |      4 |  0.000000E+00 |             f
    22 |      260 |      5 |  0.0139161814 |             f
    23 |      270 |      5 |  0.000000E+00 |             f
    24 |      280 |      6 |  0.0111038537 |         ideal
    25 |      290 |      6 |  0.0070970104 |             f
    26 |      300 |      7 |  0.0043873969 |             f
    27 |      310 |      7 |  0.000000E+00 |             f
    28 |      320 |      7 |  0.000000E+00 |             f
    29 |      330 |      4 |  0.0120987256 |         ideal
    30 |      340 |      5 |  0.0026307736 |             f
    31 |      350 |      5 |  0.000000E+00 |             f
    32 |      360 |      6 |  0.0153572640 |             f
    33 |      370 |      5 |  0.0554052313 |         ideal
    34 |      380 |      5 |  0.000000E+00 |             f
    35 |      390 |      5 |  0.000000E+00 |             f
