==========================================================
n_gen  |  n_eval  | n_nds  |      eps      |   indicator  
==========================================================
     1 |       50 |      5 |             - |             -
     2 |       60 |      7 |  0.0279794296 |         ideal
     3 |       70 |      8 |  0.6648290010 |         nadir
     4 |       80 |      8 |  0.0804868201 |             f
     5 |       90 |      9 |  0.0196435478 |             f
     6 |      100 |     10 |  0.0509169280 |             f
     7 |      110 |     11 |  0.0073281038 |             f
     8 |      120 |     11 |  0.000000E+00 |             f
     9 |      130 |     14 |  0.1656089761 |         ideal
    10 |      140 |     15 |  0.0149567136 |             f
    11 |      150 |     17 |  0.1167366209 |         nadir
    12 |      160 |     21 |  0.1321651318 |         nadir
    13 |      170 |     21 |  0.0093136850 |             f
    14 |      180 |     21 |  0.0093750404 |             f
    15 |      190 |     24 |  0.0096144527 |             f
    16 |      200 |     27 |  0.0066634083 |             f
    17 |      210 |     27 |  0.0016850498 |             f
    18 |      220 |     20 |  0.0258673257 |             f
    19 |      230 |     17 |  0.0186432833 |             f
    20 |      240 |     18 |  0.0346448432 |         nadir
    21 |      250 |     19 |  0.0660107234 |         ideal
    22 |      260 |     18 |  0.0155218589 |             f
    23 |      270 |     19 |  0.0053158697 |             f
    24 |      280 |     14 |  1.0911423656 |         nadir
    25 |      290 |     16 |  0.0170497486 |             f
    26 |      300 |     17 |  0.3183574482 |         ideal
    27 |      310 |     19 |  0.0101738553 |             f
    28 |      320 |     21 |  0.1356097903 |         nadir
    29 |      330 |     23 |  0.0065651253 |             f
    30 |      340 |     22 |  0.0059784566 |             f
    31 |      350 |     24 |  0.0201306335 |         ideal
    32 |      360 |     26 |  0.0120797758 |             f
    33 |      370 |     27 |  0.1568849217 |         nadir
    34 |      380 |     27 |  0.0350200325 |         ideal
    35 |      390 |     28 |  0.0122287161 |             f
    36 |      400 |     27 |  0.0135735627 |         nadir
    37 |      410 |     28 |  0.0203033270 |         ideal
    38 |      420 |     30 |  0.0004249378 |             f
    39 |      430 |     26 |  0.1666967607 |         nadir
    40 |      440 |     29 |  0.0053536401 |             f
    41 |      450 |     31 |  0.0041566190 |             f
    42 |      460 |     30 |  0.0082597505 |             f
    43 |      470 |     27 |  0.0048015482 |             f
    44 |      480 |     27 |  0.0031114443 |             f
    45 |      490 |     29 |  0.0046563388 |             f
    46 |      500 |     27 |  0.0239391997 |         ideal
    47 |      510 |     29 |  0.0055071658 |             f
    48 |      520 |     28 |  0.1086708301 |         nadir
    49 |      530 |     29 |  0.0027142643 |             f
    50 |      540 |     31 |  0.0021285642 |             f
    51 |      550 |     33 |  0.0246024645 |         ideal
    52 |      560 |     28 |  0.0063108498 |             f
    53 |      570 |     26 |  0.0067561245 |             f
    54 |      580 |     30 |  0.0098917418 |             f
    55 |      590 |     28 |  0.0448609103 |         nadir
    56 |      600 |     29 |  0.0015968817 |             f
    57 |      610 |     28 |  0.0181614158 |         nadir
    58 |      620 |     30 |  0.0334113027 |         ideal
    59 |      630 |     32 |  0.0039895043 |             f
    60 |      640 |     33 |  0.000000E+00 |             f
    61 |      650 |     34 |  0.0016245645 |             f
    62 |      660 |     32 |  0.0042419408 |             f
    63 |      670 |     35 |  0.0080422645 |         ideal
    64 |      680 |     35 |  0.0013828556 |             f
    65 |      690 |     39 |  0.0035605975 |             f
    66 |      700 |     35 |  0.2417700827 |         nadir
    67 |      710 |     29 |  0.0014126089 |             f
    68 |      720 |     29 |  0.0047348210 |         nadir
    69 |      730 |     31 |  0.0012021243 |             f
    70 |      740 |     34 |  0.0330430149 |         nadir
    71 |      750 |     34 |  0.000000E+00 |             f
    72 |      760 |     35 |  0.0058416021 |             f
    73 |      770 |     38 |  0.0091847014 |             f
    74 |      780 |     39 |  0.0013099454 |             f
    75 |      790 |     43 |  0.0106631832 |         nadir
    76 |      800 |     44 |  0.0826136931 |         nadir
    77 |      810 |     42 |  0.0033945360 |             f
    78 |      820 |     44 |  0.1715466561 |         nadir
    79 |      830 |     38 |  0.0645531124 |         nadir
    80 |      840 |     38 |  0.000000E+00 |             f
    81 |      850 |     39 |  0.2070685783 |         nadir
    82 |      860 |     40 |  0.0004320990 |             f
    83 |      870 |     43 |  0.0019281881 |             f
    84 |      880 |     45 |  0.0057462005 |             f
    85 |      890 |     43 |  0.0031257910 |             f
    86 |      900 |     47 |  0.0128236659 |         ideal
    87 |      910 |     47 |  0.0154081362 |         ideal
    88 |      920 |     47 |  0.0186125647 |         ideal
    89 |      930 |     48 |  0.0022933566 |             f
    90 |      940 |     49 |  0.0063823300 |             f
    91 |      950 |     46 |  0.0081307846 |         ideal
    92 |      960 |     48 |  0.0017877436 |             f
    93 |      970 |     50 |  0.0025365480 |             f
    94 |      980 |     50 |  0.0005344370 |             f
    95 |      990 |     50 |  0.0029689786 |             f
    96 |     1000 |     50 |  0.0016433244 |             f
    97 |     1010 |     50 |  0.0022065753 |             f
    98 |     1020 |     50 |  0.0041858073 |             f
    99 |     1030 |     50 |  0.0032192092 |             f
   100 |     1040 |     50 |  0.0032616677 |             f
   101 |     1050 |     48 |  0.0951019147 |         nadir
   102 |     1060 |     50 |  0.0031434889 |             f
   103 |     1070 |     50 |  0.0028114138 |             f
   104 |     1080 |     50 |  0.0011176543 |             f
   105 |     1090 |     50 |  0.0031589024 |             f
   106 |     1100 |     50 |  0.0032884219 |             f
   107 |     1110 |     47 |  0.0020569277 |             f
   108 |     1120 |     48 |  0.0409328908 |         nadir
   109 |     1130 |     45 |  0.0025661262 |             f
   110 |     1140 |     46 |  0.0005876070 |             f
   111 |     1150 |     49 |  0.0870493932 |         nadir
   112 |     1160 |     50 |  0.0012820160 |             f
   113 |     1170 |     50 |  0.0291391165 |         ideal
   114 |     1180 |     50 |  0.0168394545 |         ideal
   115 |     1190 |     50 |  0.0015206005 |             f
   116 |     1200 |     50 |  0.0020117730 |             f
   117 |     1210 |     50 |  0.0031871197 |             f
   118 |     1220 |     50 |  0.0012425360 |             f
   119 |     1230 |     50 |  0.0012425360 |             f
   120 |     1240 |     49 |  0.0031127013 |             f
   121 |     1250 |     50 |  0.0040738737 |             f
   122 |     1260 |     50 |  0.0042279696 |             f
   123 |     1270 |     50 |  0.0006682935 |             f
   124 |     1280 |     50 |  0.0019525312 |             f
   125 |     1290 |     50 |  0.0033970242 |             f
   126 |     1300 |     50 |  0.0047001308 |             f
   127 |     1310 |     50 |  0.0021646464 |             f
   128 |     1320 |     50 |  0.0036139337 |             f
   129 |     1330 |     50 |  0.0050545059 |         ideal
   130 |     1340 |     49 |  0.0013593920 |             f
   131 |     1350 |     50 |  0.0053600718 |             f
   132 |     1360 |     48 |  0.0028223982 |             f
   133 |     1370 |     50 |  0.0023710667 |             f
   134 |     1380 |     50 |  0.0035472143 |             f
   135 |     1390 |     50 |  0.0020915999 |             f
   136 |     1400 |     50 |  0.0136699773 |         nadir
   137 |     1410 |     50 |  0.0006668188 |             f
   138 |     1420 |     50 |  0.0009176321 |             f
   139 |     1430 |     50 |  0.0025659311 |             f
   140 |     1440 |     50 |  0.0114916819 |         nadir
   141 |     1450 |     50 |  0.0005071681 |             f
   142 |     1460 |     50 |  0.0013934742 |             f
   143 |     1470 |     50 |  0.0021709466 |             f
   144 |     1480 |     50 |  0.0033818147 |             f
   145 |     1490 |     50 |  0.0021007750 |             f
   146 |     1500 |     50 |  0.0037835317 |             f
   147 |     1510 |     50 |  0.0013642977 |             f
   148 |     1520 |     50 |  0.0029731755 |             f
   149 |     1530 |     50 |  0.0018295290 |             f
   150 |     1540 |     50 |  0.0025727374 |             f
   151 |     1550 |     50 |  0.0005273743 |             f
   152 |     1560 |     50 |  0.0009538130 |             f
   153 |     1570 |     50 |  0.2790252631 |         nadir
   154 |     1580 |     50 |  0.000000E+00 |             f
   155 |     1590 |     50 |  0.000000E+00 |             f
   156 |     1600 |     50 |  0.000000E+00 |             f
   157 |     1610 |     49 |  0.0512469305 |         nadir
   158 |     1620 |     49 |  0.0028312572 |         nadir
   159 |     1630 |     48 |  0.0008593792 |             f
   160 |     1640 |     48 |  0.0040300121 |             f
   161 |     1650 |     50 |  0.0015765547 |             f
   162 |     1660 |     50 |  0.0049367788 |             f
   163 |     1670 |     50 |  0.0015670795 |             f
   164 |     1680 |     50 |  0.0023716552 |             f
   165 |     1690 |     50 |  0.0033051980 |             f
   166 |     1700 |     50 |  0.0019859375 |             f
   167 |     1710 |     50 |  0.0050094675 |             f
   168 |     1720 |     50 |  0.0027511598 |             f
   169 |     1730 |     50 |  0.0034068590 |             f
   170 |     1740 |     50 |  0.0034679343 |             f
   171 |     1750 |     50 |  0.0022131257 |             f
   172 |     1760 |     50 |  0.0033102610 |             f
   173 |     1770 |     50 |  0.0016453093 |             f
   174 |     1780 |     50 |  0.0018521840 |             f
   175 |     1790 |     50 |  0.0052969968 |             f
   176 |     1800 |     50 |  0.0006909580 |             f
   177 |     1810 |     50 |  0.0014845758 |             f
   178 |     1820 |     50 |  0.0030512880 |             f
   179 |     1830 |     50 |  0.0007752207 |             f
   180 |     1840 |     50 |  0.0022161997 |             f
   181 |     1850 |     50 |  0.0050756047 |             f
   182 |     1860 |     50 |  0.0140229856 |         nadir
   183 |     1870 |     50 |  0.0688314998 |         nadir
   184 |     1880 |     50 |  0.0039569491 |             f
   185 |     1890 |     50 |  0.0004357478 |             f
   186 |     1900 |     50 |  0.0021836802 |             f
   187 |     1910 |     50 |  0.0049702781 |             f
   188 |     1920 |     50 |  0.0040812478 |             f
   189 |     1930 |     50 |  0.0015695886 |             f
   190 |     1940 |     50 |  0.0041606302 |             f
   191 |     1950 |     50 |  0.0014344619 |             f
   192 |     1960 |     50 |  0.0014344619 |             f
   193 |     1970 |     46 |  0.0039636952 |             f
   194 |     1980 |     48 |  0.0035305948 |         nadir
   195 |     1990 |     50 |  0.0034370154 |             f
   196 |     2000 |     50 |  0.0027636132 |             f
   197 |     2010 |     50 |  0.0306307390 |         nadir
   198 |     2020 |     50 |  0.0025668012 |             f
   199 |     2030 |     50 |  0.0023350308 |             f
   200 |     2040 |     50 |  0.0220491832 |         nadir
   201 |     2050 |     50 |  0.000000E+00 |             f
   202 |     2060 |     50 |  0.0413790810 |         nadir
   203 |     2070 |     50 |  0.0010327921 |             f
   204 |     2080 |     50 |  0.0088226604 |         ideal
   205 |     2090 |     50 |  0.0011863812 |             f
   206 |     2100 |     50 |  0.0012534250 |             f
   207 |     2110 |     50 |  0.0012534250 |             f
   208 |     2120 |     50 |  0.0016763249 |             f
   209 |     2130 |     50 |  0.0017390094 |             f
   210 |     2140 |     50 |  0.0097450299 |         nadir
   211 |     2150 |     50 |  0.0027224020 |         nadir
   212 |     2160 |     50 |  0.0056033983 |             f
   213 |     2170 |     50 |  0.0045714311 |             f
   214 |     2180 |     50 |  0.0048859260 |         nadir
   215 |     2190 |     49 |  0.0148119741 |         nadir
   216 |     2200 |     48 |  0.0025238863 |             f
   217 |     2210 |     49 |  0.0065692713 |         ideal
   218 |     2220 |     50 |  0.0041824621 |             f
   219 |     2230 |     50 |  0.0062294847 |             f
   220 |     2240 |     50 |  0.0021743792 |             f
   221 |     2250 |     50 |  0.0037530497 |             f
   222 |     2260 |     50 |  0.0015883456 |             f
   223 |     2270 |     50 |  0.0025615052 |             f
   224 |     2280 |     50 |  0.000000E+00 |             f
   225 |     2290 |     50 |  0.0018181131 |             f
   226 |     2300 |     50 |  0.0018181131 |             f
   227 |     2310 |     50 |  0.0171743944 |         nadir
   228 |     2320 |     50 |  0.0012533752 |             f
   229 |     2330 |     50 |  0.0031063080 |             f
   230 |     2340 |     50 |  0.0012937668 |             f
   231 |     2350 |     50 |  0.0015118751 |             f
   232 |     2360 |     50 |  0.0047871159 |         ideal
   233 |     2370 |     50 |  0.0013408762 |             f
   234 |     2380 |     50 |  0.0016413811 |             f
   235 |     2390 |     50 |  0.0022308928 |             f
   236 |     2400 |     50 |  0.0033106670 |             f
   237 |     2410 |     50 |  0.0186671285 |         nadir
   238 |     2420 |     50 |  0.0259217670 |         nadir
   239 |     2430 |     50 |  0.0017397926 |             f
   240 |     2440 |     50 |  0.0027954752 |             f
   241 |     2450 |     50 |  0.0009968383 |             f
   242 |     2460 |     50 |  0.0017461296 |             f
   243 |     2470 |     50 |  0.0017461296 |             f
   244 |     2480 |     50 |  0.0215444909 |         nadir
   245 |     2490 |     50 |  0.0279602371 |         nadir
   246 |     2500 |     50 |  0.0041072987 |             f
   247 |     2510 |     50 |  0.0007098194 |             f
   248 |     2520 |     50 |  0.0039681955 |             f
   249 |     2530 |     50 |  0.0002902695 |             f
   250 |     2540 |     50 |  0.0022994591 |             f
   251 |     2550 |     50 |  0.0032595299 |             f
   252 |     2560 |     50 |  0.0011289493 |             f
   253 |     2570 |     50 |  0.0021297395 |             f
   254 |     2580 |     50 |  0.0033823400 |             f
   255 |     2590 |     50 |  0.0022770133 |             f
   256 |     2600 |     50 |  0.0041146708 |             f
   257 |     2610 |     50 |  0.000000E+00 |             f
   258 |     2620 |     50 |  0.0227564608 |         nadir
   259 |     2630 |     50 |  0.0016510672 |             f
   260 |     2640 |     50 |  0.0016510672 |             f
   261 |     2650 |     50 |  0.0026311850 |             f
   262 |     2660 |     50 |  0.0835213943 |         nadir
   263 |     2670 |     50 |  0.0016144144 |             f
   264 |     2680 |     50 |  0.0232863763 |         nadir
   265 |     2690 |     50 |  0.0015107748 |             f
   266 |     2700 |     50 |  0.0017513445 |             f
   267 |     2710 |     49 |  0.0015951209 |             f
   268 |     2720 |     46 |  0.0062016900 |             f
   269 |     2730 |     44 |  0.0027797391 |             f
   270 |     2740 |     45 |  0.0002390414 |             f
   271 |     2750 |     46 |  0.0026723054 |             f
   272 |     2760 |     50 |  0.0024455811 |             f
   273 |     2770 |     50 |  0.0038434798 |             f
   274 |     2780 |     50 |  0.0033307103 |         ideal
   275 |     2790 |     50 |  0.0039575644 |             f
   276 |     2800 |     50 |  0.0007970482 |             f
   277 |     2810 |     50 |  0.0018002903 |             f
   278 |     2820 |     50 |  0.0028038968 |             f
   279 |     2830 |     50 |  0.0012588680 |             f
   280 |     2840 |     50 |  0.0031273842 |             f
   281 |     2850 |     50 |  0.0022439515 |             f
   282 |     2860 |     50 |  0.0063147515 |             f
   283 |     2870 |     50 |  0.0020904163 |             f
   284 |     2880 |     50 |  0.0054110048 |             f
   285 |     2890 |     50 |  0.000000E+00 |             f
   286 |     2900 |     50 |  0.0025028783 |             f
   287 |     2910 |     50 |  0.0167187649 |         ideal
   288 |     2920 |     50 |  0.000000E+00 |             f
   289 |     2930 |     50 |  0.0032143283 |             f
   290 |     2940 |     50 |  0.000000E+00 |             f
   291 |     2950 |     50 |  0.0002915432 |             f
   292 |     2960 |     50 |  0.0026004623 |             f
   293 |     2970 |     50 |  0.0246752860 |         nadir
   294 |     2980 |     50 |  0.0005013688 |             f
   295 |     2990 |     50 |  0.0103408721 |         nadir
   296 |     3000 |     50 |  0.0004270203 |             f
   297 |     3010 |     48 |  0.0143710548 |         ideal
   298 |     3020 |     50 |  0.0038083719 |             f
   299 |     3030 |     50 |  0.0139300453 |         nadir
   300 |     3040 |     50 |  0.0007169313 |             f
   301 |     3050 |     50 |  0.0013317428 |             f
   302 |     3060 |     50 |  0.0021162583 |             f
   303 |     3070 |     50 |  0.0042731015 |             f
   304 |     3080 |     50 |  0.0026722080 |         ideal
   305 |     3090 |     50 |  0.0016278232 |             f
   306 |     3100 |     50 |  0.0032041775 |             f
   307 |     3110 |     50 |  0.0006633685 |             f
   308 |     3120 |     50 |  0.0037559119 |             f
   309 |     3130 |     50 |  0.0015198990 |             f
   310 |     3140 |     50 |  0.0057290552 |             f
   311 |     3150 |     49 |  0.0015930969 |             f
   312 |     3160 |     50 |  0.0059796955 |         ideal
   313 |     3170 |     50 |  0.0016666546 |             f
   314 |     3180 |     50 |  0.0033911232 |             f
   315 |     3190 |     50 |  0.0013237447 |             f
   316 |     3200 |     50 |  0.0019706566 |             f
   317 |     3210 |     50 |  0.0026884465 |             f
   318 |     3220 |     50 |  0.0008900660 |             f
   319 |     3230 |     50 |  0.0029946525 |             f
   320 |     3240 |     50 |  0.0007728783 |             f
   321 |     3250 |     50 |  0.0019867975 |             f
   322 |     3260 |     48 |  0.0026594768 |             f
   323 |     3270 |     49 |  0.0013004184 |             f
   324 |     3280 |     50 |  0.0012744100 |             f
   325 |     3290 |     50 |  0.0032947093 |             f
   326 |     3300 |     50 |  0.0013567487 |             f
   327 |     3310 |     50 |  0.0049778643 |             f
   328 |     3320 |     50 |  0.0021189349 |             f
   329 |     3330 |     50 |  0.0035989125 |             f
   330 |     3340 |     50 |  0.0018647426 |             f
   331 |     3350 |     50 |  0.0056008290 |             f
   332 |     3360 |     50 |  0.0040324034 |             f
   333 |     3370 |     50 |  0.0429458304 |         nadir
   334 |     3380 |     50 |  0.0019135799 |             f
   335 |     3390 |     50 |  0.0027581772 |             f
   336 |     3400 |     50 |  0.0011853884 |             f
   337 |     3410 |     50 |  0.0028949428 |             f
   338 |     3420 |     50 |  0.0023600634 |             f
   339 |     3430 |     50 |  0.0062801900 |             f
   340 |     3440 |     50 |  0.0009965300 |             f
   341 |     3450 |     50 |  0.0014906723 |             f
   342 |     3460 |     50 |  0.0033445375 |             f
   343 |     3470 |     49 |  0.0004959647 |             f
   344 |     3480 |     50 |  0.0039189111 |             f
   345 |     3490 |     50 |  0.0007475246 |             f
   346 |     3500 |     50 |  0.0010328587 |             f
   347 |     3510 |     50 |  0.0033661876 |             f
   348 |     3520 |     50 |  0.0012998832 |             f
   349 |     3530 |     50 |  0.0021161173 |             f
   350 |     3540 |     50 |  0.0035105549 |             f
   351 |     3550 |     50 |  0.0006973441 |             f
   352 |     3560 |     50 |  0.0014609983 |             f
   353 |     3570 |     50 |  0.0018918128 |             f
   354 |     3580 |     50 |  0.0038200535 |             f
   355 |     3590 |     50 |  0.000000E+00 |             f
   356 |     3600 |     50 |  0.000000E+00 |             f
   357 |     3610 |     50 |  0.0129410748 |         nadir
   358 |     3620 |     49 |  0.0041876755 |             f
   359 |     3630 |     50 |  0.0034521688 |             f
   360 |     3640 |     50 |  0.1036328231 |         nadir
   361 |     3650 |     44 |  0.0038640503 |             f
   362 |     3660 |     45 |  0.0010530690 |             f
   363 |     3670 |     45 |  0.0033723862 |             f
   364 |     3680 |     44 |  0.0038608595 |         ideal
   365 |     3690 |     44 |  0.0130594621 |         nadir
   366 |     3700 |     44 |  0.000000E+00 |             f
   367 |     3710 |     47 |  0.0022305712 |             f
   368 |     3720 |     49 |  0.0036945111 |             f
   369 |     3730 |     50 |  0.1381685818 |         nadir
   370 |     3740 |     50 |  0.0018954435 |             f
   371 |     3750 |     50 |  0.0024752045 |             f
   372 |     3760 |     50 |  0.0056158846 |             f
   373 |     3770 |     50 |  0.0071852643 |             f
   374 |     3780 |     50 |  0.0017154388 |             f
   375 |     3790 |     50 |  0.0027970209 |             f
   376 |     3800 |     50 |  0.0006563135 |             f
   377 |     3810 |     50 |  0.0027213667 |             f
   378 |     3820 |     50 |  0.0008363919 |             f
   379 |     3830 |     50 |  0.0020310534 |             f
   380 |     3840 |     50 |  0.0013893970 |             f
   381 |     3850 |     50 |  0.0131799988 |         nadir
   382 |     3860 |     50 |  0.0014327836 |             f
   383 |     3870 |     50 |  0.0035937586 |             f
   384 |     3880 |     50 |  0.0015725513 |             f
   385 |     3890 |     50 |  0.0027343438 |             f
   386 |     3900 |     49 |  0.0014541720 |             f
   387 |     3910 |     50 |  0.0038622278 |             f
   388 |     3920 |     50 |  0.0003146814 |             f
   389 |     3930 |     50 |  0.0010549033 |             f
   390 |     3940 |     50 |  0.0087940687 |         nadir
   391 |     3950 |     50 |  0.000000E+00 |             f
   392 |     3960 |     50 |  0.0011828414 |             f
   393 |     3970 |     50 |  0.0020321953 |             f
   394 |     3980 |     50 |  0.0069960817 |             f
   395 |     3990 |     50 |  0.0024725597 |             f
   396 |     4000 |     50 |  0.0052751066 |             f
   397 |     4010 |     50 |  0.0036996061 |             f
   398 |     4020 |     50 |  0.0010706187 |             f
   399 |     4030 |     50 |  0.0042171491 |         nadir
   400 |     4040 |     50 |  0.0003770938 |             f
   401 |     4050 |     50 |  0.0043013595 |         ideal
   402 |     4060 |     50 |  0.0017131146 |             f
   403 |     4070 |     50 |  0.0039640983 |             f
   404 |     4080 |     50 |  0.0017743726 |             f
   405 |     4090 |     50 |  0.0315141611 |         ideal
   406 |     4100 |     50 |  0.0044882697 |             f
   407 |     4110 |     50 |  0.000000E+00 |             f
   408 |     4120 |     50 |  0.0019057015 |             f
   409 |     4130 |     50 |  0.0026909817 |             f
   410 |     4140 |     50 |  0.0000833077 |             f
   411 |     4150 |     50 |  0.0049782871 |         nadir
   412 |     4160 |     50 |  0.0003139522 |             f
   413 |     4170 |     50 |  0.0028038850 |             f
   414 |     4180 |     50 |  0.0048861290 |         ideal
   415 |     4190 |     50 |  0.0023621815 |             f
   416 |     4200 |     50 |  0.0023621815 |             f
   417 |     4210 |     50 |  0.0028510052 |             f
   418 |     4220 |     50 |  0.000000E+00 |             f
   419 |     4230 |     50 |  0.0008967375 |             f
   420 |     4240 |     50 |  0.0015043267 |             f
   421 |     4250 |     50 |  0.0024949931 |             f
   422 |     4260 |     50 |  0.0024949931 |             f
   423 |     4270 |     50 |  0.0037618165 |             f
   424 |     4280 |     50 |  0.0010444232 |             f
   425 |     4290 |     50 |  0.0014328329 |             f
   426 |     4300 |     50 |  0.0014328329 |             f
   427 |     4310 |     50 |  0.0382983665 |         nadir
   428 |     4320 |     50 |  0.000000E+00 |             f
   429 |     4330 |     50 |  0.0015389271 |             f
   430 |     4340 |     50 |  0.0086196824 |             f
   431 |     4350 |     50 |  0.0011186144 |             f
   432 |     4360 |     50 |  0.0017213100 |             f
   433 |     4370 |     50 |  0.0020592514 |             f
   434 |     4380 |     49 |  0.0024036228 |             f
   435 |     4390 |     49 |  0.0026243387 |             f
   436 |     4400 |     50 |  0.0035205643 |             f
   437 |     4410 |     50 |  0.0009706710 |             f
   438 |     4420 |     50 |  0.0348139748 |         nadir
   439 |     4430 |     50 |  0.0013122608 |             f
   440 |     4440 |     50 |  0.0360697046 |         nadir
   441 |     4450 |     50 |  0.0009230960 |             f
   442 |     4460 |     50 |  0.0009064200 |             f
   443 |     4470 |     50 |  0.0015350148 |             f
   444 |     4480 |     50 |  0.0330429743 |         nadir
   445 |     4490 |     50 |  0.0001500895 |             f
   446 |     4500 |     50 |  0.0069686953 |         nadir
   447 |     4510 |     50 |  0.0018429595 |             f
   448 |     4520 |     50 |  0.0046816886 |             f
   449 |     4530 |     50 |  0.0019927555 |             f
   450 |     4540 |     50 |  0.0038824011 |             f
   451 |     4550 |     50 |  0.0010761145 |             f
   452 |     4560 |     50 |  0.0224181762 |         nadir
   453 |     4570 |     50 |  0.0028688853 |             f
   454 |     4580 |     50 |  0.000000E+00 |             f
   455 |     4590 |     50 |  0.0009676558 |             f
   456 |     4600 |     50 |  0.0009676558 |             f
   457 |     4610 |     50 |  0.0017107173 |             f
   458 |     4620 |     50 |  0.0022077097 |             f
   459 |     4630 |     50 |  0.0030139433 |             f
   460 |     4640 |     50 |  0.0024263915 |             f
   461 |     4650 |     50 |  0.0024263915 |             f
   462 |     4660 |     50 |  0.0036013934 |             f
   463 |     4670 |     50 |  0.0007979029 |             f
   464 |     4680 |     50 |  0.0046926358 |             f
   465 |     4690 |     50 |  0.0000819367 |             f
   466 |     4700 |     50 |  0.0028951172 |             f
   467 |     4710 |     50 |  0.0007712288 |             f
   468 |     4720 |     50 |  0.0019538658 |             f
   469 |     4730 |     50 |  0.0183037199 |         nadir
   470 |     4740 |     50 |  0.000000E+00 |             f
   471 |     4750 |     50 |  0.0015674573 |             f
   472 |     4760 |     50 |  0.0041251060 |             f
   473 |     4770 |     50 |  0.0021725008 |             f
   474 |     4780 |     50 |  0.0021725008 |             f
   475 |     4790 |     50 |  0.0031774836 |             f
   476 |     4800 |     50 |  0.0014029892 |             f
   477 |     4810 |     50 |  0.0049591534 |             f
   478 |     4820 |     50 |  0.0015245084 |             f
   479 |     4830 |     50 |  0.0032644323 |             f
   480 |     4840 |     50 |  0.0023400988 |             f
   481 |     4850 |     50 |  0.0085559032 |         nadir
   482 |     4860 |     50 |  0.000000E+00 |             f
   483 |     4870 |     50 |  0.0140179436 |         nadir
   484 |     4880 |     50 |  0.0038552772 |             f
   485 |     4890 |     50 |  0.0014819639 |             f
   486 |     4900 |     50 |  0.0035185229 |         nadir
   487 |     4910 |     50 |  0.0014628334 |             f
   488 |     4920 |     50 |  0.0036690931 |             f
   489 |     4930 |     50 |  0.0017695484 |             f
   490 |     4940 |     50 |  0.0030872603 |             f
   491 |     4950 |     50 |  0.0007611121 |             f
   492 |     4960 |     50 |  0.0008045669 |             f
   493 |     4970 |     50 |  0.0008045669 |             f
   494 |     4980 |     50 |  0.0016878424 |             f
   495 |     4990 |     50 |  0.0021656085 |             f
   496 |     5000 |     50 |  0.0027938857 |             f
   497 |     5010 |     50 |  0.0215693956 |         nadir
   498 |     5020 |     50 |  0.0322639854 |         nadir
   499 |     5030 |     50 |  0.0027425325 |             f
   500 |     5040 |     50 |  0.0021514407 |             f
   501 |     5050 |     50 |  0.0032235351 |             f
   502 |     5060 |     50 |  0.0010424133 |             f
   503 |     5070 |     50 |  0.0032806559 |             f
   504 |     5080 |     50 |  0.0006870395 |             f
   505 |     5090 |     50 |  0.0012819095 |             f
   506 |     5100 |     50 |  0.0016560842 |             f
   507 |     5110 |     50 |  0.0018675011 |             f
   508 |     5120 |     50 |  0.0024937331 |             f
   509 |     5130 |     50 |  0.0046724859 |             f
   510 |     5140 |     50 |  0.0276338537 |         nadir
   511 |     5150 |     50 |  0.000000E+00 |             f
   512 |     5160 |     50 |  0.0005849458 |             f
   513 |     5170 |     50 |  0.0023117109 |             f
   514 |     5180 |     50 |  0.0023117109 |             f
   515 |     5190 |     50 |  0.0029215090 |             f
   516 |     5200 |     50 |  0.000000E+00 |             f
   517 |     5210 |     50 |  0.0021662071 |             f
   518 |     5220 |     50 |  0.0045356874 |             f
   519 |     5230 |     50 |  0.000000E+00 |             f
   520 |     5240 |     50 |  0.000000E+00 |             f
   521 |     5250 |     50 |  0.0003720630 |             f
   522 |     5260 |     50 |  0.0003720630 |             f
   523 |     5270 |     50 |  0.0016132200 |             f
   524 |     5280 |     50 |  0.0021023880 |             f
   525 |     5290 |     50 |  0.0066510347 |             f
   526 |     5300 |     50 |  0.0041215999 |         nadir
   527 |     5310 |     50 |  0.000000E+00 |             f
   528 |     5320 |     50 |  0.0015189369 |             f
   529 |     5330 |     50 |  0.0054306425 |             f
   530 |     5340 |     50 |  0.0022664315 |             f
   531 |     5350 |     50 |  0.0025926516 |             f
   532 |     5360 |     50 |  0.0015857790 |             f
   533 |     5370 |     50 |  0.0028502163 |             f
   534 |     5380 |     50 |  0.0016845282 |             f
   535 |     5390 |     50 |  0.0025358675 |             f
   536 |     5400 |     50 |  0.0008263350 |             f
   537 |     5410 |     50 |  0.0013772498 |             f
   538 |     5420 |     50 |  0.0042360632 |         nadir
   539 |     5430 |     50 |  0.000000E+00 |             f
   540 |     5440 |     50 |  0.0003236303 |             f
   541 |     5450 |     50 |  0.0003236303 |             f
   542 |     5460 |     50 |  0.0007026239 |             f
   543 |     5470 |     50 |  0.0007026239 |             f
   544 |     5480 |     50 |  0.0009562249 |             f
   545 |     5490 |     50 |  0.0026273653 |             f
   546 |     5500 |     50 |  0.0017443998 |             f
   547 |     5510 |     50 |  0.0058837893 |             f
   548 |     5520 |     50 |  0.0047316828 |         nadir
   549 |     5530 |     50 |  0.0024597997 |             f
   550 |     5540 |     50 |  0.0041155050 |             f
   551 |     5550 |     50 |  0.0024201222 |             f
   552 |     5560 |     50 |  0.0067030738 |             f
   553 |     5570 |     50 |  0.0007304687 |             f
   554 |     5580 |     50 |  0.0036721863 |             f
   555 |     5590 |     50 |  0.0020493530 |             f
   556 |     5600 |     50 |  0.0029004327 |         ideal
   557 |     5610 |     50 |  0.0027508368 |             f
   558 |     5620 |     50 |  0.0046084960 |             f
   559 |     5630 |     50 |  0.0015435369 |             f
   560 |     5640 |     50 |  0.0047541780 |         nadir
   561 |     5650 |     50 |  0.0140046521 |         nadir
   562 |     5660 |     50 |  0.0003756951 |             f
   563 |     5670 |     50 |  0.0004023261 |             f
   564 |     5680 |     50 |  0.0126000804 |         nadir
   565 |     5690 |     50 |  0.0020112524 |             f
   566 |     5700 |     50 |  0.0026042213 |             f
   567 |     5710 |     50 |  0.0009566054 |             f
   568 |     5720 |     50 |  0.0025733707 |             f
   569 |     5730 |     50 |  0.0009507665 |             f
   570 |     5740 |     50 |  0.0023309306 |             f
   571 |     5750 |     50 |  0.0036629300 |             f
   572 |     5760 |     48 |  0.2895617132 |         nadir
   573 |     5770 |     50 |  0.0015478681 |             f
   574 |     5780 |     50 |  0.0034754326 |             f
   575 |     5790 |     50 |  0.0026941701 |             f
   576 |     5800 |     50 |  0.0006633462 |             f
   577 |     5810 |     50 |  0.0031882272 |             f
   578 |     5820 |     50 |  0.0013466983 |             f
   579 |     5830 |     50 |  0.1109896529 |         nadir
   580 |     5840 |     50 |  0.0027680866 |             f
   581 |     5850 |     50 |  0.0020542070 |             f
   582 |     5860 |     50 |  0.0020542070 |             f
   583 |     5870 |     50 |  0.0175030591 |         nadir
   584 |     5880 |     50 |  0.0002006385 |             f
   585 |     5890 |     50 |  0.0002006385 |             f
   586 |     5900 |     50 |  0.1054967260 |         nadir
   587 |     5910 |     50 |  0.0013893728 |             f
   588 |     5920 |     50 |  0.0059958865 |             f
   589 |     5930 |     50 |  0.0003682566 |             f
   590 |     5940 |     50 |  0.0003682566 |             f
   591 |     5950 |     50 |  0.0003682566 |             f
   592 |     5960 |     50 |  0.0003682566 |             f
   593 |     5970 |     50 |  0.0019383965 |             f
   594 |     5980 |     50 |  0.0070551273 |         nadir
   595 |     5990 |     50 |  0.0005288973 |             f
   596 |     6000 |     50 |  0.0016134082 |             f
   597 |     6010 |     50 |  0.0028932950 |             f
   598 |     6020 |     50 |  0.0029872213 |             f
   599 |     6030 |     50 |  0.000000E+00 |             f
   600 |     6040 |     50 |  0.000000E+00 |             f
   601 |     6050 |     50 |  0.0010556671 |             f
   602 |     6060 |     50 |  0.0011140732 |             f
   603 |     6070 |     50 |  0.0011140732 |             f
   604 |     6080 |     50 |  0.0011140732 |             f
   605 |     6090 |     50 |  0.0013893149 |             f
   606 |     6100 |     50 |  0.0013893149 |             f
   607 |     6110 |     50 |  0.0027770831 |             f
   608 |     6120 |     50 |  0.0006779956 |             f
   609 |     6130 |     50 |  0.0005415685 |             f
   610 |     6140 |     50 |  0.0521148552 |         nadir
   611 |     6150 |     50 |  0.0011145329 |             f
   612 |     6160 |     50 |  0.0021919021 |             f
   613 |     6170 |     50 |  0.0363332585 |         nadir
   614 |     6180 |     50 |  0.0018868992 |             f
   615 |     6190 |     50 |  0.0018868992 |             f
   616 |     6200 |     50 |  0.0018868992 |             f
   617 |     6210 |     50 |  0.0024837193 |             f
   618 |     6220 |     49 |  0.0027637379 |             f
   619 |     6230 |     49 |  0.0003082607 |             f
   620 |     6240 |     50 |  0.0026291663 |             f
   621 |     6250 |     50 |  0.0015791595 |             f
   622 |     6260 |     50 |  0.0015890960 |             f
   623 |     6270 |     50 |  0.0021473785 |             f
   624 |     6280 |     50 |  0.0032492632 |             f
   625 |     6290 |     48 |  0.0023880083 |             f
   626 |     6300 |     50 |  0.0051379788 |             f
   627 |     6310 |     50 |  0.0017638961 |             f
   628 |     6320 |     50 |  0.0132343359 |         nadir
   629 |     6330 |     50 |  0.0012995122 |             f
   630 |     6340 |     50 |  0.0012995122 |             f
   631 |     6350 |     50 |  0.0012995122 |             f
   632 |     6360 |     50 |  0.0012995122 |             f
   633 |     6370 |     50 |  0.0046491492 |             f
   634 |     6380 |     50 |  0.0011341087 |             f
   635 |     6390 |     50 |  0.0015178440 |             f
   636 |     6400 |     50 |  0.0023060431 |             f
   637 |     6410 |     50 |  0.0038185167 |             f
   638 |     6420 |     50 |  0.0003979149 |             f
   639 |     6430 |     50 |  0.0016117782 |             f
   640 |     6440 |     50 |  0.0026408021 |             f
   641 |     6450 |     50 |  0.0007745882 |             f
   642 |     6460 |     50 |  0.0017022827 |             f
   643 |     6470 |     50 |  0.0020544997 |             f
   644 |     6480 |     50 |  0.0028707000 |             f
   645 |     6490 |     50 |  0.0237411326 |         nadir
   646 |     6500 |     50 |  0.0041038177 |             f
   647 |     6510 |     50 |  0.0045593109 |             f
   648 |     6520 |     50 |  0.1226415998 |         nadir
   649 |     6530 |     50 |  0.0009024404 |             f
   650 |     6540 |     50 |  0.0009024404 |             f
   651 |     6550 |     50 |  0.0019645177 |             f
   652 |     6560 |     50 |  0.0039560666 |             f
   653 |     6570 |     50 |  0.0021286643 |             f
   654 |     6580 |     50 |  0.0022388700 |             f
   655 |     6590 |     50 |  0.0020881900 |             f
   656 |     6600 |     50 |  0.0028218142 |             f
   657 |     6610 |     50 |  0.0040935044 |             f
   658 |     6620 |     50 |  0.000000E+00 |             f
   659 |     6630 |     50 |  0.0013247871 |             f
   660 |     6640 |     50 |  0.0013247871 |             f
   661 |     6650 |     50 |  0.0019480350 |             f
   662 |     6660 |     50 |  0.0045384340 |             f
   663 |     6670 |     50 |  0.0005527275 |             f
   664 |     6680 |     50 |  0.0011958955 |             f
   665 |     6690 |     50 |  0.0011958955 |             f
   666 |     6700 |     50 |  0.0011958955 |             f
   667 |     6710 |     50 |  0.0016881502 |             f
   668 |     6720 |     50 |  0.0016881502 |             f
   669 |     6730 |     50 |  0.0058372586 |             f
   670 |     6740 |     50 |  0.0004379646 |             f
   671 |     6750 |     50 |  0.0021006052 |             f
   672 |     6760 |     50 |  0.0025465870 |             f
   673 |     6770 |     50 |  0.0009196700 |             f
   674 |     6780 |     50 |  0.0023704187 |             f
   675 |     6790 |     50 |  0.0043490000 |             f
   676 |     6800 |     50 |  0.000000E+00 |             f
   677 |     6810 |     50 |  0.0008117201 |             f
   678 |     6820 |     50 |  0.0008117201 |             f
   679 |     6830 |     50 |  0.0014089533 |             f
   680 |     6840 |     50 |  0.0014089533 |             f
   681 |     6850 |     50 |  0.0031296288 |             f
   682 |     6860 |     50 |  0.000000E+00 |             f
   683 |     6870 |     50 |  0.0019200028 |             f
   684 |     6880 |     50 |  0.0238109197 |         nadir
   685 |     6890 |     50 |  0.000000E+00 |             f
   686 |     6900 |     50 |  0.000000E+00 |             f
   687 |     6910 |     50 |  0.0019913565 |             f
   688 |     6920 |     50 |  0.0019913565 |             f
   689 |     6930 |     50 |  0.0026655566 |             f
   690 |     6940 |     50 |  0.0008556221 |             f
   691 |     6950 |     50 |  0.0031727258 |             f
   692 |     6960 |     50 |  0.0000790484 |             f
   693 |     6970 |     50 |  0.0023492556 |             f
   694 |     6980 |     50 |  0.0033449319 |             f
   695 |     6990 |     50 |  0.000000E+00 |             f
   696 |     7000 |     50 |  0.0026752384 |             f
   697 |     7010 |     50 |  0.0044532404 |             f
   698 |     7020 |     50 |  0.1643148621 |         nadir
   699 |     7030 |     50 |  0.0034357592 |             f
   700 |     7040 |     50 |  0.0027990095 |             f
   701 |     7050 |     50 |  0.0019957331 |             f
   702 |     7060 |     50 |  0.0045597349 |             f
   703 |     7070 |     50 |  0.0013315002 |             f
   704 |     7080 |     50 |  0.0020531085 |             f
   705 |     7090 |     50 |  0.0028004582 |             f
   706 |     7100 |     50 |  0.0015370357 |             f
   707 |     7110 |     50 |  0.0037702760 |             f
   708 |     7120 |     50 |  0.0053802315 |         ideal
   709 |     7130 |     50 |  0.0021820409 |             f
   710 |     7140 |     50 |  0.0025665421 |             f
   711 |     7150 |     50 |  0.0017695634 |             f
   712 |     7160 |     50 |  0.0040241782 |             f
   713 |     7170 |     50 |  0.0008353596 |             f
   714 |     7180 |     50 |  0.0023072043 |             f
   715 |     7190 |     50 |  0.0030778879 |             f
   716 |     7200 |     50 |  0.0007663580 |             f
   717 |     7210 |     50 |  0.0012692301 |             f
   718 |     7220 |     50 |  0.0012692301 |             f
   719 |     7230 |     50 |  0.0012692301 |             f
   720 |     7240 |     50 |  0.0030458049 |             f
   721 |     7250 |     50 |  0.0008922978 |             f
   722 |     7260 |     50 |  0.0026606463 |             f
   723 |     7270 |     50 |  0.0030807820 |             f
   724 |     7280 |     50 |  0.0020410674 |             f
   725 |     7290 |     50 |  0.0027761739 |             f
   726 |     7300 |     50 |  0.0044157669 |             f
   727 |     7310 |     50 |  0.0016725596 |             f
   728 |     7320 |     50 |  0.0033680654 |             f
   729 |     7330 |     50 |  0.0003387407 |             f
   730 |     7340 |     50 |  0.0015734908 |             f
   731 |     7350 |     50 |  0.0021056055 |             f
   732 |     7360 |     50 |  0.0029678793 |             f
   733 |     7370 |     50 |  0.0041965407 |             f
   734 |     7380 |     48 |  0.0012848094 |             f
   735 |     7390 |     50 |  0.0042296390 |             f
   736 |     7400 |     50 |  0.0012931977 |             f
   737 |     7410 |     50 |  0.0012931977 |             f
   738 |     7420 |     50 |  0.0012931977 |             f
   739 |     7430 |     50 |  0.0018731849 |             f
   740 |     7440 |     50 |  0.0034560125 |             f
   741 |     7450 |     50 |  0.0007240019 |             f
   742 |     7460 |     50 |  0.0014368249 |             f
   743 |     7470 |     50 |  0.0021586284 |             f
   744 |     7480 |     50 |  0.0036499992 |             f
   745 |     7490 |     50 |  0.0009779144 |             f
   746 |     7500 |     50 |  0.0034764156 |             f
   747 |     7510 |     50 |  0.0015679918 |             f
   748 |     7520 |     50 |  0.0038507692 |             f
   749 |     7530 |     50 |  0.0014467752 |             f
   750 |     7540 |     50 |  0.0032898307 |             f
   751 |     7550 |     50 |  0.0020405767 |             f
   752 |     7560 |     50 |  0.0020405767 |             f
   753 |     7570 |     50 |  0.0035807998 |             f
   754 |     7580 |     50 |  0.000000E+00 |             f
   755 |     7590 |     50 |  0.000000E+00 |             f
   756 |     7600 |     50 |  0.000000E+00 |             f
   757 |     7610 |     50 |  0.0933942536 |         nadir
   758 |     7620 |     50 |  0.0009541478 |             f
   759 |     7630 |     50 |  0.0009541478 |             f
   760 |     7640 |     50 |  0.0020602580 |             f
   761 |     7650 |     50 |  0.0020602580 |             f
   762 |     7660 |     50 |  0.0020602580 |             f
   763 |     7670 |     50 |  0.0032103553 |             f
   764 |     7680 |     50 |  0.0005009061 |             f
   765 |     7690 |     50 |  0.0025769515 |             f
   766 |     7700 |     50 |  0.000000E+00 |             f
   767 |     7710 |     50 |  0.0029414182 |             f
   768 |     7720 |     50 |  0.0098609203 |         nadir
   769 |     7730 |     49 |  0.0020713649 |             f
   770 |     7740 |     50 |  0.0038321612 |             f
   771 |     7750 |     50 |  0.0016626905 |             f
   772 |     7760 |     50 |  0.0031384921 |             f
   773 |     7770 |     50 |  0.0006715839 |             f
   774 |     7780 |     50 |  0.0010433741 |             f
   775 |     7790 |     50 |  0.0013569823 |             f
   776 |     7800 |     50 |  0.0020505607 |             f
   777 |     7810 |     50 |  0.0027370862 |             f
   778 |     7820 |     50 |  0.0018760016 |             f
   779 |     7830 |     50 |  0.0030408719 |             f
   780 |     7840 |     50 |  0.0001407115 |             f
   781 |     7850 |     50 |  0.0015963348 |             f
   782 |     7860 |     50 |  0.0018939018 |             f
   783 |     7870 |     50 |  0.0030501885 |             f
   784 |     7880 |     50 |  0.0219415913 |         nadir
   785 |     7890 |     50 |  0.0209418819 |         nadir
   786 |     7900 |     50 |  0.0007544037 |             f
   787 |     7910 |     50 |  0.0213898250 |         nadir
   788 |     7920 |     50 |  0.0009162518 |             f
   789 |     7930 |     50 |  0.0029080806 |             f
   790 |     7940 |     50 |  0.0008064088 |             f
   791 |     7950 |     50 |  0.0030941428 |             f
   792 |     7960 |     50 |  0.0007570024 |             f
   793 |     7970 |     50 |  0.0009086690 |             f
   794 |     7980 |     50 |  0.0026364525 |             f
   795 |     7990 |     50 |  0.0000960054 |             f
   796 |     8000 |     50 |  0.0011120318 |             f
   797 |     8010 |     50 |  0.0011120318 |             f
   798 |     8020 |     50 |  0.0014099459 |             f
   799 |     8030 |     50 |  0.0027078740 |             f
   800 |     8040 |     50 |  0.0010249919 |             f
   801 |     8050 |     50 |  0.0145509490 |         nadir
   802 |     8060 |     50 |  0.0033831104 |             f
   803 |     8070 |     50 |  0.0005802277 |             f
   804 |     8080 |     50 |  0.0005802277 |             f
   805 |     8090 |     50 |  0.0005802277 |             f
   806 |     8100 |     50 |  0.0027460741 |             f
   807 |     8110 |     50 |  0.0004493000 |             f
   808 |     8120 |     49 |  0.0033409998 |             f
   809 |     8130 |     50 |  0.0016168334 |             f
   810 |     8140 |     50 |  0.0027419122 |             f
   811 |     8150 |     50 |  0.0011765573 |             f
   812 |     8160 |     50 |  0.0016318981 |             f
   813 |     8170 |     50 |  0.0029440273 |             f
   814 |     8180 |     50 |  0.0014826007 |             f
   815 |     8190 |     50 |  0.0022914267 |             f
   816 |     8200 |     50 |  0.0022914267 |             f
   817 |     8210 |     50 |  0.0035584426 |             f
   818 |     8220 |     50 |  0.0108757634 |         nadir
   819 |     8230 |     50 |  0.0001065734 |             f
   820 |     8240 |     50 |  0.0011192280 |             f
   821 |     8250 |     50 |  0.0031167404 |             f
   822 |     8260 |     50 |  0.0001954875 |             f
   823 |     8270 |     50 |  0.0008094857 |             f
   824 |     8280 |     50 |  0.0016385256 |             f
   825 |     8290 |     50 |  0.0030625171 |             f
   826 |     8300 |     50 |  0.0017728065 |             f
   827 |     8310 |     50 |  0.0021469292 |             f
   828 |     8320 |     50 |  0.0021469292 |             f
   829 |     8330 |     50 |  0.0037317468 |             f
   830 |     8340 |     50 |  0.0006680606 |             f
   831 |     8350 |     50 |  0.0014815571 |             f
   832 |     8360 |     50 |  0.0020505076 |             f
   833 |     8370 |     50 |  0.0038605241 |             f
   834 |     8380 |     50 |  0.0018666161 |             f
   835 |     8390 |     50 |  0.0029696054 |             f
   836 |     8400 |     50 |  0.0009554453 |             f
   837 |     8410 |     50 |  0.0009554453 |             f
   838 |     8420 |     50 |  0.0028601749 |             f
   839 |     8430 |     50 |  0.000000E+00 |             f
   840 |     8440 |     50 |  0.0002538912 |             f
   841 |     8450 |     50 |  0.0010521049 |             f
   842 |     8460 |     50 |  0.0025671410 |             f
   843 |     8470 |     50 |  0.0009156832 |             f
   844 |     8480 |     50 |  0.0022190841 |             f
   845 |     8490 |     50 |  0.0030867281 |             f
   846 |     8500 |     50 |  0.0008273007 |             f
   847 |     8510 |     50 |  0.0013705810 |             f
   848 |     8520 |     50 |  0.0026185096 |             f
   849 |     8530 |     50 |  0.0003705136 |             f
   850 |     8540 |     50 |  0.0014640071 |             f
   851 |     8550 |     50 |  0.0207457690 |         nadir
   852 |     8560 |     50 |  0.0008820051 |             f
   853 |     8570 |     50 |  0.0008820051 |             f
   854 |     8580 |     49 |  0.0031594739 |             f
   855 |     8590 |     50 |  0.0012820079 |             f
   856 |     8600 |     50 |  0.0112854303 |         nadir
   857 |     8610 |     50 |  0.0008145222 |             f
   858 |     8620 |     50 |  0.0016172677 |             f
   859 |     8630 |     50 |  0.0019443684 |             f
   860 |     8640 |     50 |  0.0023172493 |             f
   861 |     8650 |     50 |  0.0033212797 |             f
   862 |     8660 |     50 |  0.0021921489 |             f
   863 |     8670 |     50 |  0.0032045381 |             f
   864 |     8680 |     50 |  0.0012131932 |             f
   865 |     8690 |     50 |  0.0017136320 |             f
   866 |     8700 |     50 |  0.0039614467 |             f
   867 |     8710 |     50 |  0.0005406159 |             f
   868 |     8720 |     50 |  0.0005406159 |             f
   869 |     8730 |     50 |  0.0029641394 |             f
   870 |     8740 |     50 |  0.0009122362 |             f
   871 |     8750 |     50 |  0.0025247183 |             f
   872 |     8760 |     50 |  0.0205945792 |         nadir
   873 |     8770 |     50 |  0.000000E+00 |             f
   874 |     8780 |     50 |  0.0001675765 |             f
   875 |     8790 |     50 |  0.0001675765 |             f
   876 |     8800 |     50 |  0.0021219398 |             f
   877 |     8810 |     50 |  0.0037726686 |             f
   878 |     8820 |     50 |  0.0006464240 |             f
   879 |     8830 |     50 |  0.0029946812 |             f
   880 |     8840 |     50 |  0.0013443550 |             f
   881 |     8850 |     50 |  0.0030230652 |             f
   882 |     8860 |     50 |  0.0005285204 |             f
   883 |     8870 |     50 |  0.0011584786 |             f
   884 |     8880 |     50 |  0.0022851974 |             f
   885 |     8890 |     50 |  0.0022851974 |             f
   886 |     8900 |     50 |  0.0034261722 |             f
   887 |     8910 |     50 |  0.0005072721 |             f
   888 |     8920 |     50 |  0.0016710349 |             f
   889 |     8930 |     50 |  0.0022893110 |             f
   890 |     8940 |     50 |  0.0037495533 |             f
   891 |     8950 |     50 |  0.0002070696 |             f
   892 |     8960 |     50 |  0.0009486260 |             f
   893 |     8970 |     50 |  0.0017659189 |             f
   894 |     8980 |     50 |  0.0025549506 |             f
   895 |     8990 |     50 |  0.0004435888 |             f
   896 |     9000 |     50 |  0.0012355812 |             f
   897 |     9010 |     50 |  0.0019888639 |             f
   898 |     9020 |     50 |  0.0033338060 |             f
   899 |     9030 |     50 |  0.0005770034 |             f
   900 |     9040 |     50 |  0.0018093322 |             f
   901 |     9050 |     50 |  0.0018093322 |             f
   902 |     9060 |     50 |  0.0041248698 |             f
   903 |     9070 |     50 |  0.0004409366 |             f
   904 |     9080 |     50 |  0.0004409366 |             f
   905 |     9090 |     50 |  0.0039244016 |             f
   906 |     9100 |     50 |  0.0003264233 |             f
   907 |     9110 |     50 |  0.0015464367 |             f
   908 |     9120 |     50 |  0.0018491867 |             f
   909 |     9130 |     50 |  0.0020292402 |             f
   910 |     9140 |     50 |  0.0034039884 |             f
   911 |     9150 |     50 |  0.000000E+00 |             f
   912 |     9160 |     50 |  0.0012134376 |             f
   913 |     9170 |     50 |  0.0012134376 |             f
   914 |     9180 |     50 |  0.0265576238 |         nadir
   915 |     9190 |     50 |  0.0009205851 |             f
   916 |     9200 |     50 |  0.0017022999 |             f
   917 |     9210 |     50 |  0.0021536100 |             f
   918 |     9220 |     50 |  0.0033502914 |             f
   919 |     9230 |     50 |  0.0012847837 |             f
   920 |     9240 |     50 |  0.0011319143 |             f
   921 |     9250 |     50 |  0.0011319143 |             f
   922 |     9260 |     50 |  0.0023372099 |             f
   923 |     9270 |     50 |  0.0023372099 |             f
   924 |     9280 |     50 |  0.0023743812 |             f
   925 |     9290 |     50 |  0.0037566813 |             f
   926 |     9300 |     50 |  0.0016420198 |             f
   927 |     9310 |     50 |  0.0016420198 |             f
   928 |     9320 |     50 |  0.0135729630 |         nadir
   929 |     9330 |     50 |  0.0046587813 |         ideal
   930 |     9340 |     50 |  0.0009057052 |             f
   931 |     9350 |     50 |  0.0017283245 |             f
   932 |     9360 |     50 |  0.0046040619 |             f
   933 |     9370 |     50 |  0.0008074042 |             f
   934 |     9380 |     50 |  0.0012593751 |             f
   935 |     9390 |     50 |  0.0017734682 |             f
   936 |     9400 |     50 |  0.0049676831 |             f
   937 |     9410 |     50 |  0.0011782945 |             f
   938 |     9420 |     50 |  0.0014231889 |             f
   939 |     9430 |     50 |  0.0017722739 |             f
   940 |     9440 |     50 |  0.0024470808 |             f
   941 |     9450 |     48 |  0.0052267470 |             f
   942 |     9460 |     49 |  0.000000E+00 |             f
   943 |     9470 |     50 |  0.0011020865 |             f
   944 |     9480 |     50 |  0.0027908546 |             f
   945 |     9490 |     50 |  0.0022760194 |             f
   946 |     9500 |     50 |  0.0037834755 |             f
   947 |     9510 |     50 |  0.0006580403 |             f
   948 |     9520 |     50 |  0.0015344342 |             f
   949 |     9530 |     50 |  0.0016000392 |             f
   950 |     9540 |     50 |  0.0027389282 |             f
   951 |     9550 |     50 |  0.0009920677 |             f
   952 |     9560 |     50 |  0.0018389967 |             f
   953 |     9570 |     50 |  0.0019158648 |             f
   954 |     9580 |     50 |  0.0040702437 |             f
   955 |     9590 |     50 |  0.0010289639 |             f
   956 |     9600 |     50 |  0.0036663430 |             f
   957 |     9610 |     50 |  0.000000E+00 |             f
   958 |     9620 |     50 |  0.0016544232 |             f
   959 |     9630 |     50 |  0.0053098748 |             f
   960 |     9640 |     50 |  0.0009728255 |             f
   961 |     9650 |     50 |  0.0022537451 |             f
   962 |     9660 |     50 |  0.0022537451 |             f
   963 |     9670 |     50 |  0.0026822387 |             f
   964 |     9680 |     50 |  0.0014175293 |             f
   965 |     9690 |     50 |  0.0036399630 |             f
   966 |     9700 |     50 |  0.0087916644 |         nadir
   967 |     9710 |     50 |  0.000000E+00 |             f
   968 |     9720 |     50 |  0.0010195388 |             f
   969 |     9730 |     50 |  0.0010195388 |             f
   970 |     9740 |     50 |  0.0010195388 |             f
   971 |     9750 |     50 |  0.0019088660 |             f
   972 |     9760 |     50 |  0.0029959747 |             f
   973 |     9770 |     50 |  0.000000E+00 |             f
   974 |     9780 |     50 |  0.000000E+00 |             f
   975 |     9790 |     50 |  0.000000E+00 |             f
   976 |     9800 |     50 |  0.0580645689 |         nadir
   977 |     9810 |     50 |  0.000000E+00 |             f
   978 |     9820 |     50 |  0.0006393164 |             f
   979 |     9830 |     50 |  0.0006393164 |             f
   980 |     9840 |     50 |  0.0016944165 |             f
   981 |     9850 |     50 |  0.0016944165 |             f
   982 |     9860 |     50 |  0.0019891147 |             f
   983 |     9870 |     49 |  0.0027574408 |             f
   984 |     9880 |     50 |  0.0005928578 |             f
   985 |     9890 |     50 |  0.0009959854 |             f
   986 |     9900 |     50 |  0.0031055822 |             f
   987 |     9910 |     50 |  0.0002006452 |             f
   988 |     9920 |     50 |  0.0002006452 |             f
   989 |     9930 |     50 |  0.0022857084 |             f
   990 |     9940 |     50 |  0.0041438453 |             f
   991 |     9950 |     50 |  0.0000752766 |             f
   992 |     9960 |     50 |  0.0024129912 |             f
   993 |     9970 |     50 |  0.0038585515 |             f
   994 |     9980 |     50 |  0.0024536413 |             f
   995 |     9990 |     50 |  0.0029658849 |             f
   996 |    10000 |     50 |  0.000000E+00 |             f
   997 |    10010 |     50 |  0.0018054410 |             f
   998 |    10020 |     50 |  0.0022596864 |             f
   999 |    10030 |     50 |  0.0022596864 |             f
  1000 |    10040 |     50 |  0.0025471222 |             f
  1001 |    10050 |     50 |  0.000000E+00 |             f
  1002 |    10060 |     50 |  0.0031130380 |             f
  1003 |    10070 |     50 |  0.0018705275 |             f
  1004 |    10080 |     50 |  0.0025082453 |             f
  1005 |    10090 |     50 |  0.0000224560 |             f
  1006 |    10100 |     50 |  0.0010773849 |             f
  1007 |    10110 |     50 |  0.0324135594 |         nadir
  1008 |    10120 |     50 |  0.000000E+00 |             f
  1009 |    10130 |     50 |  0.0009753413 |             f
  1010 |    10140 |     50 |  0.0023806976 |             f
  1011 |    10150 |     50 |  0.0038621193 |             f
  1012 |    10160 |     50 |  0.000000E+00 |             f
  1013 |    10170 |     50 |  0.0000813537 |             f
  1014 |    10180 |     50 |  0.0004579904 |             f
  1015 |    10190 |     50 |  0.0009982074 |             f
  1016 |    10200 |     50 |  0.0849086382 |         nadir
  1017 |    10210 |     50 |  0.0004631318 |             f
  1018 |    10220 |     50 |  0.0016958231 |             f
  1019 |    10230 |     50 |  0.0017931766 |             f
  1020 |    10240 |     50 |  0.0334688046 |         nadir
  1021 |    10250 |     50 |  0.0147376631 |         nadir
  1022 |    10260 |     50 |  0.0018380713 |             f
  1023 |    10270 |     50 |  0.0018380713 |             f
  1024 |    10280 |     50 |  0.0026715010 |             f
  1025 |    10290 |     50 |  0.0008462692 |             f
  1026 |    10300 |     50 |  0.0021308081 |             f
  1027 |    10310 |     50 |  0.0029322859 |             f
  1028 |    10320 |     50 |  0.000000E+00 |             f
  1029 |    10330 |     50 |  0.0002280158 |             f
  1030 |    10340 |     50 |  0.0018796863 |             f
  1031 |    10350 |     50 |  0.0018796863 |             f
  1032 |    10360 |     50 |  0.0031197417 |             f
  1033 |    10370 |     50 |  0.0013033626 |             f
  1034 |    10380 |     50 |  0.0032294101 |             f
  1035 |    10390 |     50 |  0.000000E+00 |             f
  1036 |    10400 |     50 |  0.0014841545 |             f
  1037 |    10410 |     50 |  0.0014841545 |             f
  1038 |    10420 |     50 |  0.0034931916 |             f
  1039 |    10430 |     50 |  0.0006890649 |             f
  1040 |    10440 |     50 |  0.0006890649 |             f
  1041 |    10450 |     50 |  0.0028034765 |             f
  1042 |    10460 |     50 |  0.0004581595 |             f
  1043 |    10470 |     50 |  0.0011795910 |             f
  1044 |    10480 |     50 |  0.0031926695 |             f
  1045 |    10490 |     50 |  0.0008435838 |             f
  1046 |    10500 |     50 |  0.0015348448 |             f
  1047 |    10510 |     50 |  0.0027022309 |             f
  1048 |    10520 |     50 |  0.0004588601 |             f
  1049 |    10530 |     50 |  0.0015092755 |             f
  1050 |    10540 |     50 |  0.0016268203 |             f
  1051 |    10550 |     50 |  0.0023353873 |             f
  1052 |    10560 |     50 |  0.0044350019 |             f
  1053 |    10570 |     50 |  0.0022444326 |             f
  1054 |    10580 |     50 |  0.0023031622 |             f
  1055 |    10590 |     50 |  0.0051178956 |             f
  1056 |    10600 |     50 |  0.000000E+00 |             f
  1057 |    10610 |     50 |  0.000000E+00 |             f
  1058 |    10620 |     50 |  0.000000E+00 |             f
  1059 |    10630 |     50 |  0.0001989426 |             f
  1060 |    10640 |     50 |  0.0012262121 |             f
  1061 |    10650 |     50 |  0.0015823557 |             f
  1062 |    10660 |     50 |  0.0017252385 |             f
  1063 |    10670 |     50 |  0.0023424582 |             f
  1064 |    10680 |     50 |  0.0026817139 |             f
  1065 |    10690 |     50 |  0.0003562811 |             f
  1066 |    10700 |     50 |  0.0008734541 |             f
  1067 |    10710 |     50 |  0.0022331040 |             f
  1068 |    10720 |     50 |  0.0026317787 |             f
  1069 |    10730 |     50 |  0.0019533747 |             f
  1070 |    10740 |     50 |  0.0026751849 |             f
  1071 |    10750 |     50 |  0.0011294745 |             f
  1072 |    10760 |     50 |  0.0019494408 |             f
  1073 |    10770 |     50 |  0.0020370504 |             f
  1074 |    10780 |     50 |  0.0025152792 |             f
  1075 |    10790 |     50 |  0.0034189453 |             f
  1076 |    10800 |     50 |  0.0013438759 |             f
  1077 |    10810 |     50 |  0.0224600413 |         nadir
  1078 |    10820 |     50 |  0.0008978979 |             f
  1079 |    10830 |     50 |  0.0014970937 |             f
  1080 |    10840 |     50 |  0.0014970937 |             f
  1081 |    10850 |     50 |  0.0038512523 |             f
  1082 |    10860 |     50 |  0.000000E+00 |             f
  1083 |    10870 |     50 |  0.0021786118 |             f
  1084 |    10880 |     50 |  0.0062701874 |             f
  1085 |    10890 |     50 |  0.000000E+00 |             f
  1086 |    10900 |     50 |  0.0008513401 |             f
  1087 |    10910 |     50 |  0.0025841308 |             f
  1088 |    10920 |     50 |  0.0008662486 |             f
  1089 |    10930 |     50 |  0.0023735469 |             f
  1090 |    10940 |     50 |  0.0026692850 |             f
  1091 |    10950 |     50 |  0.0014381333 |             f
  1092 |    10960 |     50 |  0.0030978626 |             f
  1093 |    10970 |     50 |  0.0010807560 |             f
  1094 |    10980 |     50 |  0.0024776249 |             f
  1095 |    10990 |     48 |  0.0327560748 |         nadir
  1096 |    11000 |     48 |  0.000000E+00 |             f
  1097 |    11010 |     48 |  0.000000E+00 |             f
  1098 |    11020 |     50 |  0.0013535659 |             f
  1099 |    11030 |     50 |  0.0025726669 |             f
  1100 |    11040 |     50 |  0.0011378230 |             f
  1101 |    11050 |     50 |  0.0035415504 |             f
  1102 |    11060 |     50 |  0.0016106555 |             f
  1103 |    11070 |     50 |  0.0016106555 |             f
  1104 |    11080 |     50 |  0.0018310358 |             f
  1105 |    11090 |     50 |  0.0018310358 |             f
  1106 |    11100 |     50 |  0.0026767610 |             f
  1107 |    11110 |     50 |  0.0011506385 |             f
  1108 |    11120 |     50 |  0.0018079719 |             f
  1109 |    11130 |     50 |  0.0029302522 |             f
  1110 |    11140 |     50 |  0.0005500498 |             f
  1111 |    11150 |     50 |  0.0005500498 |             f
  1112 |    11160 |     50 |  0.0009239867 |             f
  1113 |    11170 |     50 |  0.1551898511 |         nadir
  1114 |    11180 |     50 |  0.0020710428 |             f
  1115 |    11190 |     50 |  0.0031753735 |             f
  1116 |    11200 |     50 |  0.0016791603 |             f
  1117 |    11210 |     50 |  0.0024909809 |             f
  1118 |    11220 |     50 |  0.0033125323 |             f
  1119 |    11230 |     50 |  0.000000E+00 |             f
  1120 |    11240 |     50 |  0.000000E+00 |             f
  1121 |    11250 |     50 |  0.0008573664 |             f
  1122 |    11260 |     50 |  0.0063111998 |         nadir
  1123 |    11270 |     50 |  0.000000E+00 |             f
  1124 |    11280 |     50 |  0.000000E+00 |             f
  1125 |    11290 |     50 |  0.000000E+00 |             f
  1126 |    11300 |     50 |  0.000000E+00 |             f
  1127 |    11310 |     50 |  0.0111606890 |         ideal
  1128 |    11320 |     50 |  0.000000E+00 |             f
  1129 |    11330 |     50 |  0.0006285457 |             f
  1130 |    11340 |     50 |  0.0400756671 |         nadir
  1131 |    11350 |     50 |  0.0016650481 |             f
  1132 |    11360 |     50 |  0.0023229567 |             f
  1133 |    11370 |     50 |  0.0032970891 |             f
  1134 |    11380 |     50 |  0.0030066159 |             f
  1135 |    11390 |     50 |  0.0003825949 |             f
  1136 |    11400 |     50 |  0.0006383744 |             f
  1137 |    11410 |     50 |  0.0016610950 |             f
  1138 |    11420 |     50 |  0.0028005411 |             f
  1139 |    11430 |     50 |  0.0005089787 |             f
  1140 |    11440 |     50 |  0.0011973268 |             f
  1141 |    11450 |     50 |  0.0016393183 |             f
  1142 |    11460 |     50 |  0.0016393183 |             f
  1143 |    11470 |     50 |  0.0016393183 |             f
  1144 |    11480 |     50 |  0.0022809496 |             f
  1145 |    11490 |     50 |  0.0051781211 |             f
  1146 |    11500 |     50 |  0.0013713408 |             f
  1147 |    11510 |     50 |  0.0186596596 |         nadir
  1148 |    11520 |     50 |  0.0018148223 |             f
  1149 |    11530 |     50 |  0.0021336095 |             f
  1150 |    11540 |     50 |  0.0026210179 |             f
  1151 |    11550 |     50 |  0.0014940515 |             f
  1152 |    11560 |     50 |  0.0014940515 |             f
  1153 |    11570 |     50 |  0.0027663345 |             f
  1154 |    11580 |     50 |  0.0001255180 |             f
  1155 |    11590 |     50 |  0.0026353283 |             f
  1156 |    11600 |     50 |  0.000000E+00 |             f
  1157 |    11610 |     50 |  0.1579551628 |         nadir
  1158 |    11620 |     50 |  0.0007774922 |             f
  1159 |    11630 |     50 |  0.0007774922 |             f
  1160 |    11640 |     50 |  0.0030402922 |             f
  1161 |    11650 |     50 |  0.0002230331 |             f
  1162 |    11660 |     50 |  0.0018670175 |             f
  1163 |    11670 |     50 |  0.0018670175 |             f
  1164 |    11680 |     50 |  0.0031077438 |             f
  1165 |    11690 |     50 |  0.0014031079 |             f
  1166 |    11700 |     50 |  0.0030351807 |             f
  1167 |    11710 |     50 |  0.0021758412 |             f
  1168 |    11720 |     50 |  0.0021758412 |             f
  1169 |    11730 |     50 |  0.0021758412 |             f
  1170 |    11740 |     50 |  0.0024249777 |             f
  1171 |    11750 |     50 |  0.0028424864 |             f
  1172 |    11760 |     50 |  0.0005479575 |             f
  1173 |    11770 |     50 |  0.0022852183 |             f
  1174 |    11780 |     50 |  0.0022852183 |             f
  1175 |    11790 |     50 |  0.0022852183 |             f
  1176 |    11800 |     50 |  0.0024083614 |             f
  1177 |    11810 |     50 |  0.0024083614 |             f
  1178 |    11820 |     50 |  0.0027990814 |             f
  1179 |    11830 |     50 |  0.0011246417 |             f
  1180 |    11840 |     50 |  0.0016424163 |             f
  1181 |    11850 |     50 |  0.0022290459 |             f
  1182 |    11860 |     50 |  0.0020304925 |             f
  1183 |    11870 |     50 |  0.0041476032 |             f
  1184 |    11880 |     50 |  0.0005519921 |             f
  1185 |    11890 |     50 |  0.0475140754 |         nadir
  1186 |    11900 |     50 |  0.0261705879 |         nadir
  1187 |    11910 |     50 |  0.0026661928 |             f
  1188 |    11920 |     50 |  0.000000E+00 |             f
  1189 |    11930 |     50 |  0.0019228975 |             f
  1190 |    11940 |     50 |  0.0019228975 |             f
  1191 |    11950 |     50 |  0.0034877270 |             f
  1192 |    11960 |     50 |  0.0019228809 |             f
  1193 |    11970 |     50 |  0.0032647779 |             f
  1194 |    11980 |     50 |  0.000000E+00 |             f
  1195 |    11990 |     50 |  0.000000E+00 |             f
  1196 |    12000 |     50 |  0.0011237124 |             f
  1197 |    12010 |     50 |  0.0030497625 |             f
  1198 |    12020 |     50 |  0.0001674267 |             f
  1199 |    12030 |     50 |  0.0016990658 |             f
  1200 |    12040 |     50 |  0.0062328762 |             f
  1201 |    12050 |     50 |  0.0028876093 |             f
  1202 |    12060 |     50 |  0.0031419279 |             f
  1203 |    12070 |     50 |  0.0033997889 |             f
  1204 |    12080 |     50 |  0.0027269869 |             f
  1205 |    12090 |     50 |  0.0014123048 |             f
  1206 |    12100 |     50 |  0.0023647301 |             f
  1207 |    12110 |     50 |  0.0040026185 |             f
  1208 |    12120 |     50 |  0.0012810489 |             f
  1209 |    12130 |     50 |  0.0018605606 |             f
  1210 |    12140 |     50 |  0.0018605606 |             f
  1211 |    12150 |     50 |  0.0041749865 |             f
  1212 |    12160 |     50 |  0.000000E+00 |             f
  1213 |    12170 |     50 |  0.000000E+00 |             f
  1214 |    12180 |     50 |  0.0017035566 |             f
  1215 |    12190 |     50 |  0.0083652632 |         nadir
  1216 |    12200 |     50 |  0.0014676312 |             f
  1217 |    12210 |     50 |  0.0279892436 |         nadir
  1218 |    12220 |     50 |  0.0013673442 |             f
  1219 |    12230 |     50 |  0.0013673442 |             f
  1220 |    12240 |     50 |  0.0013673442 |             f
  1221 |    12250 |     50 |  0.0036723635 |             f
  1222 |    12260 |     50 |  0.0014340412 |             f
  1223 |    12270 |     50 |  0.0189581582 |         nadir
  1224 |    12280 |     50 |  0.0042072271 |             f
  1225 |    12290 |     50 |  0.0021645736 |             f
  1226 |    12300 |     50 |  0.0030186035 |             f
  1227 |    12310 |     50 |  0.0570142346 |         nadir
  1228 |    12320 |     50 |  0.0004152626 |             f
  1229 |    12330 |     50 |  0.0004152626 |             f
  1230 |    12340 |     50 |  0.0020273914 |             f
  1231 |    12350 |     50 |  0.0025029876 |             f
  1232 |    12360 |     50 |  0.0173190609 |         nadir
  1233 |    12370 |     50 |  0.0029006371 |             f
  1234 |    12380 |     50 |  0.0002747089 |             f
  1235 |    12390 |     50 |  0.0013202862 |             f
  1236 |    12400 |     50 |  0.0013202862 |             f
  1237 |    12410 |     50 |  0.0060317433 |             f
  1238 |    12420 |     50 |  0.0021897482 |             f
  1239 |    12430 |     50 |  0.0022728334 |             f
  1240 |    12440 |     50 |  0.0040920500 |             f
  1241 |    12450 |     50 |  0.0006525421 |             f
  1242 |    12460 |     50 |  0.0010495889 |             f
  1243 |    12470 |     50 |  0.0024219345 |             f
  1244 |    12480 |     50 |  0.0047771521 |             f
  1245 |    12490 |     50 |  0.0008406026 |             f
  1246 |    12500 |     50 |  0.0015273352 |             f
  1247 |    12510 |     50 |  0.0539988573 |         nadir
  1248 |    12520 |     50 |  0.0004239357 |             f
  1249 |    12530 |     50 |  0.0004239357 |             f
  1250 |    12540 |     50 |  0.0004239357 |             f
  1251 |    12550 |     50 |  0.0570811755 |         nadir
  1252 |    12560 |     50 |  0.0021558291 |             f
  1253 |    12570 |     50 |  0.0021558291 |             f
  1254 |    12580 |     50 |  0.0039034090 |             f
  1255 |    12590 |     50 |  0.0038210725 |             f
  1256 |    12600 |     50 |  0.0040336180 |         nadir
  1257 |    12610 |     50 |  0.0034271921 |             f
  1258 |    12620 |     50 |  0.000000E+00 |             f
  1259 |    12630 |     50 |  0.0054990308 |             f
  1260 |    12640 |     50 |  0.000000E+00 |             f
  1261 |    12650 |     50 |  0.0034575680 |             f
  1262 |    12660 |     50 |  0.0028894615 |             f
  1263 |    12670 |     50 |  0.000000E+00 |             f
  1264 |    12680 |     50 |  0.0081252314 |         nadir
  1265 |    12690 |     50 |  0.0032231130 |             f
  1266 |    12700 |     50 |  0.0644531964 |         nadir
  1267 |    12710 |     50 |  0.0014945043 |             f
  1268 |    12720 |     50 |  0.0022447006 |             f
  1269 |    12730 |     50 |  0.0024935613 |             f
  1270 |    12740 |     50 |  0.0038278557 |             f
  1271 |    12750 |     50 |  0.0011544199 |             f
  1272 |    12760 |     50 |  0.0011544199 |             f
  1273 |    12770 |     50 |  0.0038873120 |             f
  1274 |    12780 |     50 |  0.0044968191 |             f
  1275 |    12790 |     50 |  0.0023526156 |             f
  1276 |    12800 |     50 |  0.0039203761 |             f
  1277 |    12810 |     50 |  0.0029229364 |             f
  1278 |    12820 |     50 |  0.0011266041 |             f
  1279 |    12830 |     50 |  0.0042197334 |             f
  1280 |    12840 |     50 |  0.0015490338 |             f
  1281 |    12850 |     50 |  0.0031685875 |             f
  1282 |    12860 |     50 |  0.0009914777 |             f
  1283 |    12870 |     50 |  0.0018794204 |             f
  1284 |    12880 |     50 |  0.0044139315 |             f
  1285 |    12890 |     50 |  0.0001291713 |             f
  1286 |    12900 |     50 |  0.0001291713 |             f
  1287 |    12910 |     50 |  0.0012994535 |             f
  1288 |    12920 |     50 |  0.0026696535 |             f
  1289 |    12930 |     50 |  0.0016994725 |             f
  1290 |    12940 |     50 |  0.0022494074 |             f
  1291 |    12950 |     50 |  0.0043261703 |             f
  1292 |    12960 |     50 |  0.0016142311 |             f
  1293 |    12970 |     50 |  0.0056466632 |             f
  1294 |    12980 |     50 |  0.0018904405 |             f
  1295 |    12990 |     50 |  0.0024901377 |             f
  1296 |    13000 |     50 |  0.0061132476 |             f
  1297 |    13010 |     50 |  0.0031278019 |             f
  1298 |    13020 |     50 |  0.0009317538 |             f
  1299 |    13030 |     50 |  0.0009317538 |             f
  1300 |    13040 |     50 |  0.0014475549 |             f
  1301 |    13050 |     50 |  0.0025612893 |             f
  1302 |    13060 |     50 |  0.0015978456 |             f
  1303 |    13070 |     50 |  0.0025348278 |             f
  1304 |    13080 |     50 |  0.0001680776 |             f
  1305 |    13090 |     50 |  0.0005300914 |             f
  1306 |    13100 |     50 |  0.0018236400 |             f
  1307 |    13110 |     48 |  0.0021065375 |             f
  1308 |    13120 |     50 |  0.0020222760 |             f
  1309 |    13130 |     50 |  0.0043613206 |             f
  1310 |    13140 |     50 |  0.0023364706 |             f
  1311 |    13150 |     50 |  0.0023364706 |             f
  1312 |    13160 |     50 |  0.0018195698 |             f
  1313 |    13170 |     50 |  0.0311761495 |         nadir
  1314 |    13180 |     50 |  0.0027980566 |             f
  1315 |    13190 |     50 |  0.000000E+00 |             f
  1316 |    13200 |     50 |  0.0030446359 |             f
  1317 |    13210 |     50 |  0.000000E+00 |             f
  1318 |    13220 |     50 |  0.0001689920 |             f
  1319 |    13230 |     50 |  0.0028672756 |             f
  1320 |    13240 |     50 |  0.0005015623 |             f
  1321 |    13250 |     50 |  0.0010100178 |             f
  1322 |    13260 |     50 |  0.0008368516 |             f
  1323 |    13270 |     50 |  0.0024982436 |             f
  1324 |    13280 |     50 |  0.0068152898 |         nadir
  1325 |    13290 |     50 |  0.0021618339 |             f
  1326 |    13300 |     50 |  0.0033522769 |             f
  1327 |    13310 |     50 |  0.0022387082 |             f
  1328 |    13320 |     50 |  0.0022387082 |             f
  1329 |    13330 |     50 |  0.0150843421 |         nadir
  1330 |    13340 |     50 |  0.0006021763 |             f
  1331 |    13350 |     50 |  0.0011140943 |             f
  1332 |    13360 |     49 |  0.0012544834 |             f
  1333 |    13370 |     49 |  0.0012544834 |             f
  1334 |    13380 |     50 |  0.0019996344 |             f
  1335 |    13390 |     50 |  0.0033660836 |             f
  1336 |    13400 |     50 |  0.000000E+00 |             f
  1337 |    13410 |     50 |  0.0006301731 |             f
  1338 |    13420 |     50 |  0.0020868830 |             f
  1339 |    13430 |     50 |  0.0049978974 |             f
  1340 |    13440 |     50 |  0.0006342225 |             f
  1341 |    13450 |     50 |  0.0032140598 |             f
  1342 |    13460 |     50 |  0.0022685245 |             f
  1343 |    13470 |     50 |  0.0015877299 |             f
  1344 |    13480 |     50 |  0.0153153643 |         nadir
  1345 |    13490 |     50 |  0.0002239562 |             f
  1346 |    13500 |     50 |  0.0014241402 |             f
  1347 |    13510 |     50 |  0.0039597574 |             f
  1348 |    13520 |     50 |  0.000000E+00 |             f
  1349 |    13530 |     50 |  0.0002124778 |             f
  1350 |    13540 |     50 |  0.0017644096 |             f
  1351 |    13550 |     50 |  0.0070203950 |         nadir
  1352 |    13560 |     50 |  0.0070700294 |         nadir
  1353 |    13570 |     50 |  0.000000E+00 |             f
  1354 |    13580 |     50 |  0.000000E+00 |             f
  1355 |    13590 |     50 |  0.0008775564 |             f
  1356 |    13600 |     50 |  0.0031650717 |             f
  1357 |    13610 |     50 |  0.0009553881 |             f
  1358 |    13620 |     50 |  0.0020460396 |             f
  1359 |    13630 |     50 |  0.0020460396 |             f
  1360 |    13640 |     50 |  0.0015504683 |             f
  1361 |    13650 |     50 |  0.0016737721 |             f
  1362 |    13660 |     50 |  0.0034525840 |             f
  1363 |    13670 |     50 |  0.0036083295 |             f
  1364 |    13680 |     50 |  0.0017731834 |             f
  1365 |    13690 |     50 |  0.0038504264 |             f
  1366 |    13700 |     50 |  0.0012496323 |             f
  1367 |    13710 |     50 |  0.0039870469 |             f
  1368 |    13720 |     50 |  0.000000E+00 |             f
  1369 |    13730 |     50 |  0.0031338076 |             f
  1370 |    13740 |     50 |  0.0048829356 |             f
  1371 |    13750 |     50 |  0.0007387433 |             f
  1372 |    13760 |     50 |  0.0005006335 |             f
  1373 |    13770 |     50 |  0.0026361738 |             f
  1374 |    13780 |     50 |  0.0015863748 |             f
  1375 |    13790 |     50 |  0.0015863748 |             f
  1376 |    13800 |     50 |  0.0022731135 |             f
  1377 |    13810 |     50 |  0.0029466344 |             f
  1378 |    13820 |     50 |  0.000000E+00 |             f
  1379 |    13830 |     50 |  0.000000E+00 |             f
  1380 |    13840 |     50 |  0.0018149474 |             f
  1381 |    13850 |     50 |  0.0409564284 |         nadir
  1382 |    13860 |     50 |  0.0009649866 |             f
  1383 |    13870 |     50 |  0.0036440469 |             f
  1384 |    13880 |     50 |  0.0004291125 |             f
  1385 |    13890 |     50 |  0.0011247459 |             f
  1386 |    13900 |     50 |  0.0034208521 |             f
  1387 |    13910 |     50 |  0.0011047967 |             f
  1388 |    13920 |     50 |  0.0015257257 |             f
  1389 |    13930 |     50 |  0.0029022614 |             f
  1390 |    13940 |     50 |  0.000000E+00 |             f
  1391 |    13950 |     50 |  0.0003970173 |             f
  1392 |    13960 |     50 |  0.0039272826 |             f
  1393 |    13970 |     50 |  0.0016856531 |             f
  1394 |    13980 |     50 |  0.0016856531 |             f
  1395 |    13990 |     50 |  0.0020855498 |             f
  1396 |    14000 |     50 |  0.0020855498 |             f
  1397 |    14010 |     50 |  0.0032538395 |             f
  1398 |    14020 |     50 |  0.0022897031 |             f
  1399 |    14030 |     50 |  0.0036130381 |             f
  1400 |    14040 |     50 |  0.0239205041 |         nadir
  1401 |    14050 |     50 |  0.0012989950 |             f
  1402 |    14060 |     50 |  0.0041165652 |             f
  1403 |    14070 |     50 |  0.0016203496 |             f
  1404 |    14080 |     50 |  0.0034653877 |             f
  1405 |    14090 |     50 |  0.0014987302 |             f
  1406 |    14100 |     50 |  0.0027680972 |             f
  1407 |    14110 |     50 |  0.0004688543 |             f
  1408 |    14120 |     50 |  0.0021776765 |             f
  1409 |    14130 |     50 |  0.0026421985 |             f
  1410 |    14140 |     50 |  0.000000E+00 |             f
  1411 |    14150 |     50 |  0.0004972495 |             f
  1412 |    14160 |     50 |  0.0033667445 |             f
  1413 |    14170 |     50 |  0.000000E+00 |             f
  1414 |    14180 |     50 |  0.0011993259 |             f
  1415 |    14190 |     50 |  0.0013571878 |             f
  1416 |    14200 |     50 |  0.0027626824 |             f
  1417 |    14210 |     50 |  0.0028991515 |             f
  1418 |    14220 |     50 |  0.0026267383 |             f
  1419 |    14230 |     50 |  0.0015382436 |             f
  1420 |    14240 |     50 |  0.0015382436 |             f
  1421 |    14250 |     50 |  0.0044935554 |             f
  1422 |    14260 |     50 |  0.0006812779 |             f
  1423 |    14270 |     50 |  0.0051252852 |             f
  1424 |    14280 |     50 |  0.000000E+00 |             f
  1425 |    14290 |     50 |  0.0009974628 |             f
  1426 |    14300 |     50 |  0.0013766914 |             f
  1427 |    14310 |     50 |  0.0014379563 |             f
  1428 |    14320 |     50 |  0.0034129173 |             f
  1429 |    14330 |     50 |  0.0042879567 |             f
  1430 |    14340 |     50 |  0.0020435756 |             f
  1431 |    14350 |     50 |  0.0027580092 |             f
  1432 |    14360 |     50 |  0.000000E+00 |             f
  1433 |    14370 |     50 |  0.0018808809 |             f
  1434 |    14380 |     50 |  0.0029522069 |             f
  1435 |    14390 |     50 |  0.0012799199 |             f
  1436 |    14400 |     50 |  0.0024915895 |             f
  1437 |    14410 |     50 |  0.0047628054 |             f
  1438 |    14420 |     50 |  0.0011926944 |             f
  1439 |    14430 |     50 |  0.0027472575 |             f
  1440 |    14440 |     50 |  0.0009736743 |             f
  1441 |    14450 |     50 |  0.0189323794 |         nadir
  1442 |    14460 |     50 |  0.0011332720 |             f
  1443 |    14470 |     50 |  0.0045271838 |             f
  1444 |    14480 |     50 |  0.0102223024 |         nadir
  1445 |    14490 |     50 |  0.0000579614 |             f
  1446 |    14500 |     50 |  0.0007473130 |             f
  1447 |    14510 |     50 |  0.0018745983 |             f
  1448 |    14520 |     50 |  0.0023395186 |             f
  1449 |    14530 |     50 |  0.0028527530 |             f
  1450 |    14540 |     50 |  0.0006424241 |             f
  1451 |    14550 |     50 |  0.0008699903 |             f
  1452 |    14560 |     50 |  0.0019050432 |             f
  1453 |    14570 |     50 |  0.0025884439 |             f
  1454 |    14580 |     50 |  0.0010723062 |             f
  1455 |    14590 |     50 |  0.0019149037 |             f
  1456 |    14600 |     50 |  0.0019149037 |             f
  1457 |    14610 |     50 |  0.0034964232 |             f
  1458 |    14620 |     50 |  0.0008422994 |             f
  1459 |    14630 |     50 |  0.0012512369 |             f
  1460 |    14640 |     50 |  0.0013683840 |             f
  1461 |    14650 |     50 |  0.0024035806 |             f
  1462 |    14660 |     50 |  0.0578311869 |         nadir
  1463 |    14670 |     50 |  0.0018844220 |             f
  1464 |    14680 |     50 |  0.0039652175 |             f
  1465 |    14690 |     50 |  0.0004976842 |             f
  1466 |    14700 |     50 |  0.0007592582 |             f
  1467 |    14710 |     50 |  0.0040442017 |             f
  1468 |    14720 |     50 |  0.0016963767 |             f
  1469 |    14730 |     50 |  0.0020033406 |             f
  1470 |    14740 |     50 |  0.0023047489 |             f
  1471 |    14750 |     50 |  0.0047331081 |             f
  1472 |    14760 |     50 |  0.0008945078 |             f
  1473 |    14770 |     50 |  0.0013398452 |             f
  1474 |    14780 |     50 |  0.0034176657 |             f
  1475 |    14790 |     50 |  0.0012630265 |             f
  1476 |    14800 |     50 |  0.0018635603 |             f
  1477 |    14810 |     50 |  0.0027940690 |             f
  1478 |    14820 |     50 |  0.0008899966 |             f
  1479 |    14830 |     50 |  0.0012345181 |             f
  1480 |    14840 |     50 |  0.0011030950 |             f
  1481 |    14850 |     50 |  0.0014528796 |             f
  1482 |    14860 |     50 |  0.0017793335 |             f
  1483 |    14870 |     50 |  0.0017793335 |             f
  1484 |    14880 |     50 |  0.0026935948 |             f
  1485 |    14890 |     50 |  0.0016431881 |             f
  1486 |    14900 |     50 |  0.0022144017 |             f
  1487 |    14910 |     50 |  0.0050305590 |             f
  1488 |    14920 |     50 |  0.0010892991 |             f
  1489 |    14930 |     50 |  0.0017099208 |             f
  1490 |    14940 |     50 |  0.0021154027 |             f
  1491 |    14950 |     50 |  0.0021154027 |             f
  1492 |    14960 |     50 |  0.0043742073 |             f
  1493 |    14970 |     50 |  0.0001916090 |             f
  1494 |    14980 |     50 |  0.0013996493 |             f
  1495 |    14990 |     50 |  0.0016849297 |             f
  1496 |    15000 |     50 |  0.0023803950 |             f
  1497 |    15010 |     50 |  0.0023112158 |             f
  1498 |    15020 |     50 |  0.0026361731 |             f
  1499 |    15030 |     50 |  0.000000E+00 |             f
  1500 |    15040 |     50 |  0.0005328974 |             f

