==========================================================
n_gen  |  n_eval  | n_nds  |      eps      |   indicator  
==========================================================
     1 |       50 |      3 |             - |             -
     2 |       60 |      3 |  0.4710106808 |         ideal
     3 |       70 |      2 |  0.1188762072 |         ideal
     4 |       80 |      2 |  0.000000E+00 |             f
     5 |       90 |      2 |  0.000000E+00 |             f
     6 |      100 |      2 |  0.000000E+00 |             f
     7 |      110 |      2 |  0.000000E+00 |             f
     8 |      120 |      2 |  0.000000E+00 |             f
     9 |      130 |      2 |  0.000000E+00 |             f
    10 |      140 |      2 |  0.0135973333 |         ideal
    11 |      150 |      2 |  0.0119879573 |         ideal
    12 |      160 |      3 |  0.0337631490 |         ideal
    13 |      170 |      3 |  0.0656661657 |         ideal
    14 |      180 |      4 |  0.0383909396 |         ideal
    15 |      190 |      4 |  0.000000E+00 |             f
    16 |      200 |      4 |  0.000000E+00 |             f
    17 |      210 |      4 |  0.000000E+00 |             f
    18 |      220 |      4 |  0.000000E+00 |             f
    19 |      230 |      4 |  0.000000E+00 |             f
    20 |      240 |      5 |  0.0192819149 |         ideal
    21 |      250 |      5 |  0.000000E+00 |             f
    22 |      260 |      6 |  0.0348401634 |             f
    23 |      270 |      7 |  0.0458366376 |         ideal
    24 |      280 |      7 |  0.000000E+00 |             f
