==========================================================
n_gen  |  n_eval  | n_nds  |      eps      |   indicator  
==========================================================
     1 |       50 |      2 |             - |             -
     2 |       60 |      2 |  0.000000E+00 |             f
     3 |       70 |      2 |  0.000000E+00 |             f
     4 |       80 |      2 |  0.000000E+00 |             f
     5 |       90 |      2 |  0.0675470855 |         ideal
     6 |      100 |      2 |  0.1738984896 |         ideal
     7 |      110 |      2 |  0.000000E+00 |             f
     8 |      120 |      2 |  0.1486257211 |         ideal
     9 |      130 |      2 |  0.0119027661 |         ideal
    10 |      140 |      2 |  0.000000E+00 |             f
    11 |      150 |      3 |  0.0296573398 |         ideal
    12 |      160 |      3 |  0.0183196350 |         ideal
    13 |      170 |      3 |  0.0091172884 |             f
    14 |      180 |      3 |  0.000000E+00 |             f
    15 |      190 |      3 |  0.0445685775 |         ideal
    16 |      200 |      3 |  0.000000E+00 |             f
    17 |      210 |      3 |  0.000000E+00 |             f
    18 |      220 |      3 |  0.000000E+00 |             f
    19 |      230 |      3 |  0.1154864524 |         ideal
    20 |      240 |      3 |  0.000000E+00 |             f
    21 |      250 |      3 |  0.000000E+00 |             f
    22 |      260 |      4 |  0.4941634241 |         ideal
    23 |      270 |      4 |  0.000000E+00 |             f
    24 |      280 |      4 |  0.000000E+00 |             f
    25 |      290 |      4 |  0.1107266436 |         ideal
    26 |      300 |      4 |  0.1047356606 |             f
    27 |      310 |      4 |  0.000000E+00 |             f
    28 |      320 |      4 |  0.000000E+00 |             f
    29 |      330 |      4 |  0.000000E+00 |             f
    30 |      340 |      4 |  0.000000E+00 |             f
    31 |      350 |      3 |  0.1477406698 |         nadir
    32 |      360 |      3 |  0.000000E+00 |             f
    33 |      370 |      3 |  0.000000E+00 |             f
    34 |      380 |      3 |  0.000000E+00 |             f
    35 |      390 |      3 |  0.000000E+00 |             f
