pygame 2.1.2 (SDL 2.0.16, Python 3.7.16)
Hello from the pygame community. https://www.pygame.org/contribute.html
==========================================================
n_gen  |  n_eval  | n_nds  |      eps      |   indicator  
==========================================================
     1 |       50 |      2 |             - |             -
     2 |       60 |      2 |  0.5321034216 |         ideal
     3 |       70 |      2 |  0.7006037039 |         ideal
     4 |       80 |      2 |  0.2278186800 |         ideal
     5 |       90 |      2 |  0.000000E+00 |             f
     6 |      100 |      2 |  0.000000E+00 |             f
     7 |      110 |      2 |  0.3084536724 |         ideal
     8 |      120 |      2 |  0.000000E+00 |             f
     9 |      130 |      2 |  0.0342589133 |         ideal
    10 |      140 |      2 |  0.1376581170 |         ideal
    11 |      150 |      2 |  0.000000E+00 |             f
    12 |      160 |      2 |  0.0731521652 |         ideal
    13 |      170 |      2 |  0.000000E+00 |             f
    14 |      180 |      2 |  0.000000E+00 |             f
    15 |      190 |      3 |  0.1729763644 |             f
    16 |      200 |      3 |  0.000000E+00 |             f
    17 |      210 |      3 |  0.000000E+00 |             f
    18 |      220 |      3 |  0.1654281776 |         ideal
    19 |      230 |      3 |  0.2802516393 |         ideal
    20 |      240 |      3 |  0.000000E+00 |             f
    21 |      250 |      3 |  0.000000E+00 |             f
    22 |      260 |      3 |  0.000000E+00 |             f
    23 |      270 |      3 |  0.2154088431 |         nadir
    24 |      280 |      3 |  0.000000E+00 |             f
    25 |      290 |      3 |  0.000000E+00 |             f
    26 |      300 |      3 |  0.000000E+00 |             f
    27 |      310 |      3 |  0.000000E+00 |             f
    28 |      320 |      3 |  0.0979052917 |         ideal
    29 |      330 |      3 |  0.000000E+00 |             f
    30 |      340 |      3 |  0.000000E+00 |             f
    31 |      350 |      3 |  0.000000E+00 |             f
    32 |      360 |      4 |  0.3034228565 |         ideal
    33 |      370 |      4 |  0.000000E+00 |             f
    34 |      380 |      4 |  0.000000E+00 |             f
    35 |      390 |      4 |  0.3389151225 |         ideal
