==========================================================
n_gen  |  n_eval  | n_nds  |      eps      |   indicator  
==========================================================
     1 |       50 |      3 |             - |             -
     2 |       60 |      3 |  0.0409292569 |             f
     3 |       70 |      3 |  0.0249367167 |         ideal
     4 |       80 |      4 |  0.1343798516 |         ideal
     5 |       90 |      4 |  0.0356792993 |         ideal
     6 |      100 |      5 |  0.0633638365 |         ideal
     7 |      110 |      4 |  0.0128106977 |             f
     8 |      120 |      5 |  0.0115210778 |             f
     9 |      130 |      6 |  0.0069904066 |             f
    10 |      140 |      7 |  0.0059903199 |             f
    11 |      150 |      7 |  0.0462135213 |         ideal
    12 |      160 |      7 |  0.000000E+00 |             f
    13 |      170 |      6 |  0.0963367108 |         ideal
    14 |      180 |      6 |  0.000000E+00 |             f
    15 |      190 |      6 |  0.000000E+00 |             f
    16 |      200 |      6 |  0.000000E+00 |             f
    17 |      210 |      6 |  0.000000E+00 |             f
    18 |      220 |      6 |  0.000000E+00 |             f
    19 |      230 |      6 |  0.000000E+00 |             f
    20 |      240 |      6 |  0.0135163203 |         ideal
    21 |      250 |      7 |  0.1568331027 |         ideal
    22 |      260 |      7 |  0.000000E+00 |             f
    23 |      270 |      7 |  0.000000E+00 |             f
    24 |      280 |      7 |  0.000000E+00 |             f
    25 |      290 |      7 |  0.0086868865 |             f
    26 |      300 |      7 |  0.000000E+00 |             f
    27 |      310 |      7 |  0.000000E+00 |             f
    28 |      320 |      7 |  0.000000E+00 |             f
    29 |      330 |      7 |  0.000000E+00 |             f
    30 |      340 |      7 |  0.000000E+00 |             f
    31 |      350 |      7 |  0.0045686639 |             f
    32 |      360 |      7 |  0.000000E+00 |             f
    33 |      370 |      8 |  0.0097771953 |             f
    34 |      380 |      8 |  0.0001340466 |             f
    35 |      390 |      8 |  0.0001340466 |             f
